
==================================================
   SEATTLE BETA GAUNTLET (OMEGA PROTOCOL v9D)
==================================================
SCENARIO | RESULT   | STATE        | LEDGER     | NOTES
---------|----------|--------------|------------|------------------------
[ENV] Loading Environment: LOCAL
[08:19:56] [32mINFO[39m: [36mRunning Enterprise Environment Loader[39m
    module: "service"
    mode: "local"
    stripeMode: "test"
    payoutsEnabled: false
    identityStrict: false
| A1   | PASS     | cancelled    | VERIFY     | Cancellation accepted
[08:19:59] [32mINFO[39m: [36mTask cancelled during active phase - Refund Logic Implicit[39m
    module: "service"
    taskId: "7a0cc2fe-edb8-456f-aa27-be1e80193b17"
    action: "cancel"
[08:19:59] [33mWARN[39m: [36mTask Cancelled by Poster[39m
    module: "service"
    taskId: "7a0cc2fe-edb8-456f-aa27-be1e80193b17"
    reason: "Changed mind"
[08:20:00] [32mINFO[39m: [36mPreparing ledger transaction: ESCROW_HOLD[39m
    module: "service"
    txId: "01KCBCQ67EGTWFBM9ZQ161VX4G"
    type: "LedgerPrepare"
[08:20:00] [32mINFO[39m: [36mTransaction PREPARED (Pending)[39m
    module: "service"
    txId: "01KCBCQ67EGTWFBM9ZQ161VX4G"
    type: "LedgerPrepare"
[08:20:00] [31mERROR[39m: [36mCommit Failed[39m
    module: "service"
    txId: "01KCBCQ67EGTWFBM9ZQ161VX4G"
    type: "LedgerCommit"
    error: {
      "length": 141,
      "name": "error",
      "severity": "ERROR",
      "code": "42703",
      "position": "642",
      "file": "analyze.c",
      "line": "2528",
      "routine": "transformUpdateTargetList"
    }
[08:20:00] [31mERROR[39m: [36mSaga Failed - Initiating Compensation Flow[39m
    module: "service"
    taskId: "4c19ea09-bdef-4f4a-a66c-86631c98442c"
    eventType: "HOLD_ESCROW"
    err: {
      "type": "DatabaseError",
      "message": "column \"updated_at\" of relation \"ledger_accounts\" does not exist",
      "stack":
          error: column "updated_at" of relation "ledger_accounts" does not exist
              at bn.parseErrorMessage (file:///Users/sebastiandysart/HustleXP/hustlexp-ai-backend/node_modules/@neondatabase/serverless/index.mjs:955:41)
              at bn.handlePacket (file:///Users/sebastiandysart/HustleXP/hustlexp-ai-backend/node_modules/@neondatabase/serverless/index.mjs:923:75)
              at bn.parse (file:///Users/sebastiandysart/HustleXP/hustlexp-ai-backend/node_modules/@neondatabase/serverless/index.mjs:911:36)
              at S.<anonymous> (file:///Users/sebastiandysart/HustleXP/hustlexp-ai-backend/node_modules/@neondatabase/serverless/index.mjs:962:16)
              at S.emit (file:///Users/sebastiandysart/HustleXP/hustlexp-ai-backend/node_modules/@neondatabase/serverless/index.mjs:317:79)
              at WebSocket.<anonymous> (file:///Users/sebastiandysart/HustleXP/hustlexp-ai-backend/node_modules/@neondatabase/serverless/index.mjs:403:19)
              at [nodejs.internal.kHybridDispatch] (node:internal/event_target:827:20)
              at WebSocket.dispatchEvent (node:internal/event_target:762:26)
              at fireEvent (node:internal/deps/undici/undici:11663:14)
              at websocketMessageReceived (node:internal/deps/undici/undici:11685:7)
      "length": 141,
      "name": "error",
      "severity": "ERROR",
      "code": "42703",
      "position": "642",
      "file": "analyze.c",
      "line": "2528",
      "routine": "transformUpdateTargetList"
    }
[08:20:00] [41mFATAL[49m: [36mCRITICAL: Compensation Flow Failed![39m
    module: "service"
    compError: {
      "name": "NeonDbError",
      "severity": "ERROR",
      "code": "42P01",
      "position": "34",
      "file": "parse_relation.c",
      "line": "1449",
      "routine": "parserOpenTable"
    }
    originalError: {
      "length": 141,
      "name": "error",
      "severity": "ERROR",
      "code": "42703",
      "position": "642",
      "file": "analyze.c",
      "line": "2528",
      "routine": "transformUpdateTargetList"
    }
Gauntlet Crashed: error: column "updated_at" of relation "ledger_accounts" does not exist
    at bn.parseErrorMessage (file:///Users/sebastiandysart/HustleXP/hustlexp-ai-backend/node_modules/@neondatabase/serverless/index.mjs:955:41)
    at bn.handlePacket (file:///Users/sebastiandysart/HustleXP/hustlexp-ai-backend/node_modules/@neondatabase/serverless/index.mjs:923:75)
    at bn.parse (file:///Users/sebastiandysart/HustleXP/hustlexp-ai-backend/node_modules/@neondatabase/serverless/index.mjs:911:36)
    at S.<anonymous> (file:///Users/sebastiandysart/HustleXP/hustlexp-ai-backend/node_modules/@neondatabase/serverless/index.mjs:962:16)
    at S.emit (file:///Users/sebastiandysart/HustleXP/hustlexp-ai-backend/node_modules/@neondatabase/serverless/index.mjs:317:79)
    at WebSocket.<anonymous> (file:///Users/sebastiandysart/HustleXP/hustlexp-ai-backend/node_modules/@neondatabase/serverless/index.mjs:403:19)
    at [nodejs.internal.kHybridDispatch] (node:internal/event_target:827:20)
    at WebSocket.dispatchEvent (node:internal/event_target:762:26)
    at fireEvent (node:internal/deps/undici/undici:11663:14)
    at websocketMessageReceived (node:internal/deps/undici/undici:11685:7) {
  length: 141,
  severity: 'ERROR',
  code: '42703',
  detail: undefined,
  hint: undefined,
  position: '642',
  internalPosition: undefined,
  internalQuery: undefined,
  where: undefined,
  schema: undefined,
  table: undefined,
  column: undefined,
  dataType: undefined,
  constraint: undefined,
  file: 'analyze.c',
  line: '2528',
  routine: 'transformUpdateTargetList'
}
