
==================================================
   SEATTLE BETA GAUNTLET (OMEGA PROTOCOL v9D)
==================================================
SCENARIO | RESULT   | STATE        | LEDGER     | NOTES
---------|----------|--------------|------------|------------------------
[ENV] Loading Environment: LOCAL
[08:06:47] [32mINFO[39m: [36mRunning Enterprise Environment Loader[39m
    module: "service"
    mode: "local"
    stripeMode: "test"
    payoutsEnabled: false
    identityStrict: false
| A1   | PASS     | cancelled    | VERIFY     | Cancellation accepted
[08:06:49] [32mINFO[39m: [36mTask cancelled during active phase - Refund Logic Implicit[39m
    module: "service"
    taskId: "3f720652-038d-49cc-b1fc-6b20b9570b2a"
    action: "cancel"
[08:06:49] [33mWARN[39m: [36mTask Cancelled by Poster[39m
    module: "service"
    taskId: "3f720652-038d-49cc-b1fc-6b20b9570b2a"
    reason: "Changed mind"
| A3   | FAIL     | completed    | UNK        | State not disputed
[08:06:50] [31mERROR[39m: [36mSaga Failed - Initiating Compensation Flow[39m
    module: "service"
    taskId: "58f92b59-6d60-4993-bc8b-858304bed023"
    eventType: "DISPUTE_OPEN"
    err: {
      "type": "Error",
      "message": "money_state_lock missing for task 58f92b59-6d60-4993-bc8b-858304bed023",
      "stack":
          Error: money_state_lock missing for task 58f92b59-6d60-4993-bc8b-858304bed023
              at validateGuards (/Users/sebastiandysart/HustleXP/hustlexp-ai-backend/src/services/StripeMoneyEngine.ts:228:53)
              at <anonymous> (/Users/sebastiandysart/HustleXP/hustlexp-ai-backend/src/services/StripeMoneyEngine.ts:296:19)
              at process.processTicksAndRejections (node:internal/process/task_queues:105:5)
              at async transaction (/Users/sebastiandysart/HustleXP/hustlexp-ai-backend/src/db/index.ts:44:24)
              at async Object.handle (/Users/sebastiandysart/HustleXP/hustlexp-ai-backend/src/services/StripeMoneyEngine.ts:287:28)
              at async DisputeServiceClass.createDispute (/Users/sebastiandysart/HustleXP/hustlexp-ai-backend/src/services/DisputeService.ts:115:17)
              at async runA3 (/Users/sebastiandysart/HustleXP/hustlexp-ai-backend/src/tests/omega/seattle-gauntlet.ts:295:24)
              at async runGauntlet (/Users/sebastiandysart/HustleXP/hustlexp-ai-backend/src/tests/omega/seattle-gauntlet.ts:440:9)
    }
[08:06:50] [31mERROR[39m: [36mFailed to transition Money Engine state to DISPUTE_OPEN[39m
    module: "service"
    taskId: "58f92b59-6d60-4993-bc8b-858304bed023"
    err: {
      "type": "Error",
      "message": "money_state_lock missing for task 58f92b59-6d60-4993-bc8b-858304bed023",
      "stack":
          Error: money_state_lock missing for task 58f92b59-6d60-4993-bc8b-858304bed023
              at validateGuards (/Users/sebastiandysart/HustleXP/hustlexp-ai-backend/src/services/StripeMoneyEngine.ts:228:53)
              at <anonymous> (/Users/sebastiandysart/HustleXP/hustlexp-ai-backend/src/services/StripeMoneyEngine.ts:296:19)
              at process.processTicksAndRejections (node:internal/process/task_queues:105:5)
              at async transaction (/Users/sebastiandysart/HustleXP/hustlexp-ai-backend/src/db/index.ts:44:24)
              at async Object.handle (/Users/sebastiandysart/HustleXP/hustlexp-ai-backend/src/services/StripeMoneyEngine.ts:287:28)
              at async DisputeServiceClass.createDispute (/Users/sebastiandysart/HustleXP/hustlexp-ai-backend/src/services/DisputeService.ts:115:17)
              at async runA3 (/Users/sebastiandysart/HustleXP/hustlexp-ai-backend/src/tests/omega/seattle-gauntlet.ts:295:24)
              at async runGauntlet (/Users/sebastiandysart/HustleXP/hustlexp-ai-backend/src/tests/omega/seattle-gauntlet.ts:440:9)
    }
[08:06:50] [32mINFO[39m: [36mDispute created and Money Engine notified[39m
    module: "service"
    disputeId: "ffff2dc5-f4b2-4090-85be-01e704f0c02e"
    taskId: "58f92b59-6d60-4993-bc8b-858304bed023"
[08:06:50] [33mWARN[39m: [36mTask Abandoned by Hustler[39m
    module: "service"
    taskId: "d4a663af-b3e5-4a71-9cea-e1485d18c6cc"
    hustlerId: "55d70ce3-0c94-4a83-942b-528a2fdd6989"
| A4   | PASS     | active       | N/A        | Task reset to active
| B6   | FAIL     | ERROR        | UNK        | Temporal Guard Blocked: Event c10052f1-6338-4902-b59e-6fb99ed0b546 is older than last committed state.
[08:06:51] [31mERROR[39m: [36mTemporal Guard Check Failed - Failing Closed (Reject)[39m
    module: "TemporalGuard"
    targetId: "3ee7f165-25a4-4d7d-b833-ff6228f83c6f"
    error: {
      "name": "Layerr"
    }
[08:06:51] [31mERROR[39m: [36mSaga Failed - Initiating Compensation Flow[39m
    module: "service"
    taskId: "3ee7f165-25a4-4d7d-b833-ff6228f83c6f"
    eventType: "HOLD_ESCROW"
    err: {
      "type": "Error",
      "message": "Temporal Guard Blocked: Event c10052f1-6338-4902-b59e-6fb99ed0b546 is older than last committed state.",
      "stack":
          Error: Temporal Guard Blocked: Event c10052f1-6338-4902-b59e-6fb99ed0b546 is older than last committed state.
              at validateGuards (/Users/sebastiandysart/HustleXP/hustlexp-ai-backend/src/services/StripeMoneyEngine.ts:234:15)
              at process.processTicksAndRejections (node:internal/process/task_queues:105:5)
              at async <anonymous> (/Users/sebastiandysart/HustleXP/hustlexp-ai-backend/src/services/StripeMoneyEngine.ts:296:13)
              at async transaction (/Users/sebastiandysart/HustleXP/hustlexp-ai-backend/src/db/index.ts:44:24)
              at async Object.handle (/Users/sebastiandysart/HustleXP/hustlexp-ai-backend/src/services/StripeMoneyEngine.ts:287:28)
              at async runB6 (/Users/sebastiandysart/HustleXP/hustlexp-ai-backend/src/tests/omega/seattle-gauntlet.ts:360:9)
              at async runGauntlet (/Users/sebastiandysart/HustleXP/hustlexp-ai-backend/src/tests/omega/seattle-gauntlet.ts:442:9)
    }
[08:06:51] [41mFATAL[49m: [36m⚠️ KILL SWITCH TRIGGERED - SYSTEM FREEZING ⚠️[39m
    module: "KillSwitch"
    reason: "TEST_SIMULATION"
    metadata: {
      "desc": "Gauntlet Test"
    }
| C9   | PASS     | blocked      | SAFE       | KillSwitch blocked execution
[08:06:51] [32mINFO[39m: [36mKillSwitch Resolved - Resuming Operations[39m
    module: "KillSwitch"
[08:06:51] [33mWARN[39m: [36mADMIN OVERRIDE INITIATED[39m
    module: "service"
    input: {
      "adminId": "admin_ae77014a-8b74-403f-8d80-d968aacc4635",
      "taskId": "2ccecd86-56b2-485c-8aee-2fc0b88577cc",
      "action": "force_cancel",
      "reason": "Gauntlet Override"
    }
| D12  | PASS     | cancelled    | REFUNDED   | Admin forced cancel

==================================================
   EXECUTION COMPLETE
==================================================

[08:06:52] [32mINFO[39m: [36mAdmin Override Complete[39m
    module: "service"
    taskId: "2ccecd86-56b2-485c-8aee-2fc0b88577cc"
    action: "force_cancel"
