
==================================================
   SEATTLE BETA GAUNTLET (OMEGA PROTOCOL v9D)
==================================================
SCENARIO | RESULT   | STATE        | LEDGER     | NOTES
---------|----------|--------------|------------|------------------------
[ENV] Loading Environment: LOCAL
[08:16:22] [32mINFO[39m: [36mRunning Enterprise Environment Loader[39m
    module: "service"
    mode: "local"
    stripeMode: "test"
    payoutsEnabled: false
    identityStrict: false
| A1   | PASS     | cancelled    | VERIFY     | Cancellation accepted
[08:16:24] [32mINFO[39m: [36mTask cancelled during active phase - Refund Logic Implicit[39m
    module: "service"
    taskId: "8d3762d6-0a78-437d-8126-a7eaa003cfef"
    action: "cancel"
[08:16:24] [33mWARN[39m: [36mTask Cancelled by Poster[39m
    module: "service"
    taskId: "8d3762d6-0a78-437d-8126-a7eaa003cfef"
    reason: "Changed mind"
[08:16:25] [32mINFO[39m: [36mPreparing ledger transaction: ESCROW_HOLD[39m
    module: "service"
    txId: "01KCBCGMPAH2Q5Q1WSVA0BF9DG"
    type: "LedgerPrepare"
[08:16:25] [31mERROR[39m: [36mPrepare Failed[39m
    module: "service"
    txId: "01KCBCGMPAH2Q5Q1WSVA0BF9DG"
    type: "LedgerPrepare"
    error: {
      "length": 158,
      "name": "error",
      "severity": "ERROR",
      "code": "22P02",
      "where": "unnamed portal parameter $1 = '...'",
      "file": "uuid.c",
      "line": "138",
      "routine": "string_to_uuid"
    }
[08:16:25] [31mERROR[39m: [36mSaga Failed - Initiating Compensation Flow[39m
    module: "service"
    taskId: "10d85fb4-28bf-4fa6-b60a-57d2e52e5364"
    eventType: "HOLD_ESCROW"
    err: {
      "type": "DatabaseError",
      "message": "invalid input syntax for type uuid: \"01KCBCGMPAH2Q5Q1WSVA0BF9DG\"",
      "stack":
          error: invalid input syntax for type uuid: "01KCBCGMPAH2Q5Q1WSVA0BF9DG"
              at bn.parseErrorMessage (file:///Users/sebastiandysart/HustleXP/hustlexp-ai-backend/node_modules/@neondatabase/serverless/index.mjs:955:41)
              at bn.handlePacket (file:///Users/sebastiandysart/HustleXP/hustlexp-ai-backend/node_modules/@neondatabase/serverless/index.mjs:923:75)
              at bn.parse (file:///Users/sebastiandysart/HustleXP/hustlexp-ai-backend/node_modules/@neondatabase/serverless/index.mjs:911:36)
              at S.<anonymous> (file:///Users/sebastiandysart/HustleXP/hustlexp-ai-backend/node_modules/@neondatabase/serverless/index.mjs:962:16)
              at S.emit (file:///Users/sebastiandysart/HustleXP/hustlexp-ai-backend/node_modules/@neondatabase/serverless/index.mjs:317:79)
              at WebSocket.<anonymous> (file:///Users/sebastiandysart/HustleXP/hustlexp-ai-backend/node_modules/@neondatabase/serverless/index.mjs:403:19)
              at [nodejs.internal.kHybridDispatch] (node:internal/event_target:827:20)
              at WebSocket.dispatchEvent (node:internal/event_target:762:26)
              at fireEvent (node:internal/deps/undici/undici:11663:14)
              at websocketMessageReceived (node:internal/deps/undici/undici:11685:7)
      "length": 158,
      "name": "error",
      "severity": "ERROR",
      "code": "22P02",
      "where": "unnamed portal parameter $1 = '...'",
      "file": "uuid.c",
      "line": "138",
      "routine": "string_to_uuid"
    }
Gauntlet Crashed: error: invalid input syntax for type uuid: "01KCBCGMPAH2Q5Q1WSVA0BF9DG"
    at bn.parseErrorMessage (file:///Users/sebastiandysart/HustleXP/hustlexp-ai-backend/node_modules/@neondatabase/serverless/index.mjs:955:41)
    at bn.handlePacket (file:///Users/sebastiandysart/HustleXP/hustlexp-ai-backend/node_modules/@neondatabase/serverless/index.mjs:923:75)
    at bn.parse (file:///Users/sebastiandysart/HustleXP/hustlexp-ai-backend/node_modules/@neondatabase/serverless/index.mjs:911:36)
    at S.<anonymous> (file:///Users/sebastiandysart/HustleXP/hustlexp-ai-backend/node_modules/@neondatabase/serverless/index.mjs:962:16)
    at S.emit (file:///Users/sebastiandysart/HustleXP/hustlexp-ai-backend/node_modules/@neondatabase/serverless/index.mjs:317:79)
    at WebSocket.<anonymous> (file:///Users/sebastiandysart/HustleXP/hustlexp-ai-backend/node_modules/@neondatabase/serverless/index.mjs:403:19)
    at [nodejs.internal.kHybridDispatch] (node:internal/event_target:827:20)
    at WebSocket.dispatchEvent (node:internal/event_target:762:26)
    at fireEvent (node:internal/deps/undici/undici:11663:14)
    at websocketMessageReceived (node:internal/deps/undici/undici:11685:7) {
  length: 158,
  severity: 'ERROR',
  code: '22P02',
  detail: undefined,
  hint: undefined,
  position: undefined,
  internalPosition: undefined,
  internalQuery: undefined,
  where: "unnamed portal parameter $1 = '...'",
  schema: undefined,
  table: undefined,
  column: undefined,
  dataType: undefined,
  constraint: undefined,
  file: 'uuid.c',
  line: '138',
  routine: 'string_to_uuid'
}
