
==================================================
   SEATTLE BETA GAUNTLET (OMEGA PROTOCOL v9D)
==================================================
SCENARIO | RESULT   | STATE        | LEDGER     | NOTES
---------|----------|--------------|------------|------------------------
[ENV] Loading Environment: LOCAL
[08:23:17] [32mINFO[39m: [36mRunning Enterprise Environment Loader[39m
    module: "service"
    mode: "local"
    stripeMode: "test"
    payoutsEnabled: false
    identityStrict: false
| A1   | PASS     | cancelled    | VERIFY     | Cancellation accepted
[08:23:19] [32mINFO[39m: [36mTask cancelled during active phase - Refund Logic Implicit[39m
    module: "service"
    taskId: "7c92e146-7667-4645-aaff-b00da1179354"
    action: "cancel"
[08:23:19] [33mWARN[39m: [36mTask Cancelled by Poster[39m
    module: "service"
    taskId: "7c92e146-7667-4645-aaff-b00da1179354"
    reason: "Changed mind"
[08:23:20] [32mINFO[39m: [36mPreparing ledger transaction: ESCROW_HOLD[39m
    module: "service"
    txId: "01KCBCX9WFATV7ETW9VMEGRDCT"
    type: "LedgerPrepare"
[08:23:20] [32mINFO[39m: [36mTransaction PREPARED (Pending)[39m
    module: "service"
    txId: "01KCBCX9WFATV7ETW9VMEGRDCT"
    type: "LedgerPrepare"
[08:23:21] [32mINFO[39m: [36mTransaction COMMITTED & Balances UPDATED[39m
    module: "service"
    txId: "01KCBCX9WFATV7ETW9VMEGRDCT"
    type: "LedgerCommit"
| A3   | FAIL     | completed    | UNK        | State not disputed
[08:23:21] [31mERROR[39m: [36mSaga Failed - Initiating Compensation Flow[39m
    module: "service"
    taskId: "2a3740c2-00a3-44c9-ad1c-31966f37795e"
    eventType: "DISPUTE_OPEN"
    err: {
      "type": "Error",
      "message": "[LedgerAccount] Invalid template: liability",
      "stack":
          Error: [LedgerAccount] Invalid template: liability
              at Function.getAccount (/Users/sebastiandysart/HustleXP/hustlexp-ai-backend/src/services/ledger/LedgerAccountService.ts:86:25)
              at <anonymous> (/Users/sebastiandysart/HustleXP/hustlexp-ai-backend/src/services/StripeMoneyEngine.ts:361:64)
              at process.processTicksAndRejections (node:internal/process/task_queues:105:5)
              at async transaction (/Users/sebastiandysart/HustleXP/hustlexp-ai-backend/src/db/index.ts:44:24)
              at async Object.handle (/Users/sebastiandysart/HustleXP/hustlexp-ai-backend/src/services/StripeMoneyEngine.ts:287:28)
              at async DisputeServiceClass.createDispute (/Users/sebastiandysart/HustleXP/hustlexp-ai-backend/src/services/DisputeService.ts:116:17)
              at async runA3 (/Users/sebastiandysart/HustleXP/hustlexp-ai-backend/src/tests/omega/seattle-gauntlet.ts:408:24)
              at async runGauntlet (/Users/sebastiandysart/HustleXP/hustlexp-ai-backend/src/tests/omega/seattle-gauntlet.ts:543:9)
    }
[08:23:21] [31mERROR[39m: [36mFailed to transition Money Engine state to DISPUTE_OPEN[39m
    module: "service"
    taskId: "2a3740c2-00a3-44c9-ad1c-31966f37795e"
    err: {
      "type": "Error",
      "message": "[LedgerAccount] Invalid template: liability",
      "stack":
          Error: [LedgerAccount] Invalid template: liability
              at Function.getAccount (/Users/sebastiandysart/HustleXP/hustlexp-ai-backend/src/services/ledger/LedgerAccountService.ts:86:25)
              at <anonymous> (/Users/sebastiandysart/HustleXP/hustlexp-ai-backend/src/services/StripeMoneyEngine.ts:361:64)
              at process.processTicksAndRejections (node:internal/process/task_queues:105:5)
              at async transaction (/Users/sebastiandysart/HustleXP/hustlexp-ai-backend/src/db/index.ts:44:24)
              at async Object.handle (/Users/sebastiandysart/HustleXP/hustlexp-ai-backend/src/services/StripeMoneyEngine.ts:287:28)
              at async DisputeServiceClass.createDispute (/Users/sebastiandysart/HustleXP/hustlexp-ai-backend/src/services/DisputeService.ts:116:17)
              at async runA3 (/Users/sebastiandysart/HustleXP/hustlexp-ai-backend/src/tests/omega/seattle-gauntlet.ts:408:24)
              at async runGauntlet (/Users/sebastiandysart/HustleXP/hustlexp-ai-backend/src/tests/omega/seattle-gauntlet.ts:543:9)
    }
[08:23:21] [32mINFO[39m: [36mDispute created and Money Engine notified[39m
    module: "service"
    disputeId: "12c5e1a3-728f-4443-a15f-056c5453bd61"
    taskId: "2a3740c2-00a3-44c9-ad1c-31966f37795e"
[08:23:22] [33mWARN[39m: [36mTask Abandoned by Hustler[39m
    module: "service"
    taskId: "ec9328e0-c780-48b4-867e-2a78e5634b29"
    hustlerId: "f72237b0-615a-4e93-a2b0-ee0d1c2c1def"
| A4   | PASS     | active       | N/A        | Task reset to active
B6 EventID: 01KCBCXBK1BN60GKPAJYS9902K
[08:23:22] [32mINFO[39m: [36mPreparing ledger transaction: ESCROW_HOLD[39m
    module: "service"
    txId: "01KCBCXC165EARPMGCFJCPT41V"
    type: "LedgerPrepare"
[08:23:23] [32mINFO[39m: [36mTransaction PREPARED (Pending)[39m
    module: "service"
    txId: "01KCBCXC165EARPMGCFJCPT41V"
    type: "LedgerPrepare"
[08:23:23] [32mINFO[39m: [36mTransaction COMMITTED & Balances UPDATED[39m
    module: "service"
    txId: "01KCBCXC165EARPMGCFJCPT41V"
    type: "LedgerCommit"
| B6   | PASS     | idempotent   | SAFE       | Duplicate request ignored
[08:23:23] [41mFATAL[49m: [36m⚠️ KILL SWITCH TRIGGERED - SYSTEM FREEZING ⚠️[39m
    module: "KillSwitch"
    reason: "TEST_SIMULATION"
    metadata: {
      "desc": "Gauntlet Test"
    }
| C9   | PASS     | blocked      | SAFE       | KillSwitch blocked execution
[08:23:24] [32mINFO[39m: [36mKillSwitch Resolved - Resuming Operations[39m
    module: "KillSwitch"
[08:23:24] [33mWARN[39m: [36mADMIN OVERRIDE INITIATED[39m
    module: "service"
    input: {
      "adminId": "admin_6bc678e0-8b68-4924-b6a4-ecdbd3cb545c",
      "taskId": "a875a813-c19c-4bc4-9b6d-a51331b6bd8a",
      "action": "force_cancel",
      "reason": "Gauntlet Override"
    }
[08:23:24] [32mINFO[39m: [36mAdmin Override Complete[39m
    module: "service"
    taskId: "a875a813-c19c-4bc4-9b6d-a51331b6bd8a"
    action: "force_cancel"
| D12  | PASS     | cancelled    | REFUNDED   | Admin forced cancel

==================================================
   EXECUTION COMPLETE
==================================================

