
==================================================
   SEATTLE BETA GAUNTLET (OMEGA PROTOCOL v9D)
==================================================
SCENARIO | RESULT   | STATE        | LEDGER     | NOTES
---------|----------|--------------|------------|------------------------
[ENV] Loading Environment: LOCAL
[07:59:29] [32mINFO[39m: [36mRunning Enterprise Environment Loader[39m
    module: "service"
    mode: "local"
    stripeMode: "test"
    payoutsEnabled: false
    identityStrict: false
| A1   | PASS     | cancelled    | VERIFY     | Cancellation accepted
| A3   | FAIL     | ERROR        | UNK        | Internal error creating dispute
| A4   | FAIL     | ERROR        | UNK        | new row for relation "tasks" violates check constraint "tasks_status_check"
[07:59:30] [32mINFO[39m: [36mTask cancelled during active phase - Refund Logic Implicit[39m
    module: "service"
    taskId: "eaa4a95c-8216-4a9f-bb45-c2ee5ebda339"
    action: "cancel"
[07:59:30] [33mWARN[39m: [36mTask Cancelled by Poster[39m
    module: "service"
    taskId: "eaa4a95c-8216-4a9f-bb45-c2ee5ebda339"
    reason: "Changed mind"
[07:59:30] [31mERROR[39m: [36mFailed to create dispute[39m
    module: "service"
    taskId: "f38fad2d-8c74-4534-889f-d88ffa6e5ecd"
    error: {
      "name": "NeonDbError",
      "severity": "ERROR",
      "code": "22P02",
      "where": "unnamed portal parameter $3 = '...'",
      "file": "uuid.c",
      "line": "138",
      "routine": "string_to_uuid"
    }
[LedgerLock] Batch acquisition failed. Rolling back 0 locks.
| B6   | FAIL     | ERROR        | UNK        | invalid input syntax for type uuid: "task:671c6896-7645-4423-8eb7-aa34bc020c32"
[07:59:31] [31mERROR[39m: [36mDatabase query failed[39m
    message: "invalid input syntax for type uuid: \"task:671c6896-7645-4423-8eb7-aa34bc020c32\""
    stack: "NeonDbError: invalid input syntax for type uuid: \"task:671c6896-7645-4423-8eb7-aa34bc020c32\"\n    at dr.execute (file:///Users/sebastiandysart/HustleXP/hustlexp-ai-backend/node_modules/@neondatabase/serverless/index.mjs:1298:10)\n    at process.processTicksAndRejections (node:internal/process/task_queues:105:5)\n    at async query (/Users/sebastiandysart/HustleXP/hustlexp-ai-backend/src/db/index.ts:68:24)\n    at async Function.acquire (/Users/sebastiandysart/HustleXP/hustlexp-ai-backend/src/services/ledger/LedgerLockService.ts:23:13)\n    at async Function.acquireBatch (/Users/sebastiandysart/HustleXP/hustlexp-ai-backend/src/services/ledger/LedgerLockService.ts:83:32)\n    at async Object.handle (/Users/sebastiandysart/HustleXP/hustlexp-ai-backend/src/services/StripeMoneyEngine.ts:275:19)\n    at async runB6 (/Users/sebastiandysart/HustleXP/hustlexp-ai-backend/src/tests/omega/seattle-gauntlet.ts:298:9)\n    at async runGauntlet (/Users/sebastiandysart/HustleXP/hustlexp-ai-backend/src/tests/omega/seattle-gauntlet.ts:379:9)"
    query: "\n                INSERT INTO ledger_locks (resource_id, owner_ulid, expires_at)\n                VALU"
[07:59:31] [31mERROR[39m: [36mDatabase query failed[39m
    message: "invalid input syntax for type uuid: \"task:671c6896-7645-4423-8eb7-aa34bc020c32\""
    stack: "NeonDbError: invalid input syntax for type uuid: \"task:671c6896-7645-4423-8eb7-aa34bc020c32\"\n    at dr.execute (file:///Users/sebastiandysart/HustleXP/hustlexp-ai-backend/node_modules/@neondatabase/serverless/index.mjs:1298:10)\n    at process.processTicksAndRejections (node:internal/process/task_queues:105:5)\n    at async query (/Users/sebastiandysart/HustleXP/hustlexp-ai-backend/src/db/index.ts:68:24)\n    at async Function.acquire (/Users/sebastiandysart/HustleXP/hustlexp-ai-backend/src/services/ledger/LedgerLockService.ts:38:30)\n    at async Function.acquireBatch (/Users/sebastiandysart/HustleXP/hustlexp-ai-backend/src/services/ledger/LedgerLockService.ts:83:32)\n    at async Object.handle (/Users/sebastiandysart/HustleXP/hustlexp-ai-backend/src/services/StripeMoneyEngine.ts:275:19)\n    at async runB6 (/Users/sebastiandysart/HustleXP/hustlexp-ai-backend/src/tests/omega/seattle-gauntlet.ts:298:9)\n    at async runGauntlet (/Users/sebastiandysart/HustleXP/hustlexp-ai-backend/src/tests/omega/seattle-gauntlet.ts:379:9)"
    query: "\n                SELECT owner_ulid, expires_at FROM ledger_locks WHERE resource_id = $1\n            "
[07:59:31] [41mFATAL[49m: [36m⚠️ KILL SWITCH TRIGGERED - SYSTEM FREEZING ⚠️[39m
    module: "KillSwitch"
    reason: "TEST_SIMULATION"
    metadata: {
      "desc": "Gauntlet Test"
    }
| C9   | PASS     | blocked      | SAFE       | KillSwitch blocked execution
[07:59:31] [32mINFO[39m: [36mKillSwitch Resolved - Resuming Operations[39m
    module: "KillSwitch"
[07:59:32] [33mWARN[39m: [36mADMIN OVERRIDE INITIATED[39m
    module: "service"
    input: {
      "adminId": "admin_dd5228a1-10ac-493b-907b-37344b5b8a7f",
      "taskId": "fb569883-623e-435c-9aee-93353c08360e",
      "action": "force_cancel",
      "reason": "Gauntlet Override"
    }
[07:59:32] [31mERROR[39m: [36mDatabase query failed[39m
    message: "invalid input syntax for type uuid: \"task:fb569883-623e-435c-9aee-93353c08360e\""
    stack: "NeonDbError: invalid input syntax for type uuid: \"task:fb569883-623e-435c-9aee-93353c08360e\"\n    at dr.execute (file:///Users/sebastiandysart/HustleXP/hustlexp-ai-backend/node_modules/@neondatabase/serverless/index.mjs:1298:10)\n    at process.processTicksAndRejections (node:internal/process/task_queues:105:5)\n    at async query (/Users/sebastiandysart/HustleXP/hustlexp-ai-backend/src/db/index.ts:68:24)\n    at async Function.acquire (/Users/sebastiandysart/HustleXP/hustlexp-ai-backend/src/services/ledger/LedgerLockService.ts:23:13)\n    at async AdminServiceClass.overrideTaskState (/Users/sebastiandysart/HustleXP/hustlexp-ai-backend/src/services/AdminService.ts:30:23)\n    at async runD12 (/Users/sebastiandysart/HustleXP/hustlexp-ai-backend/src/tests/omega/seattle-gauntlet.ts:346:9)\n    at async runGauntlet (/Users/sebastiandysart/HustleXP/hustlexp-ai-backend/src/tests/omega/seattle-gauntlet.ts:381:9)"
    query: "\n                INSERT INTO ledger_locks (resource_id, owner_ulid, expires_at)\n                VALU"
| D12  | FAIL     | ERROR        | UNK        | invalid input syntax for type uuid: "task:fb569883-623e-435c-9aee-93353c08360e"

==================================================
   EXECUTION COMPLETE
==================================================

[07:59:32] [31mERROR[39m: [36mDatabase query failed[39m
    message: "invalid input syntax for type uuid: \"task:fb569883-623e-435c-9aee-93353c08360e\""
    stack: "NeonDbError: invalid input syntax for type uuid: \"task:fb569883-623e-435c-9aee-93353c08360e\"\n    at dr.execute (file:///Users/sebastiandysart/HustleXP/hustlexp-ai-backend/node_modules/@neondatabase/serverless/index.mjs:1298:10)\n    at process.processTicksAndRejections (node:internal/process/task_queues:105:5)\n    at async query (/Users/sebastiandysart/HustleXP/hustlexp-ai-backend/src/db/index.ts:68:24)\n    at async Function.acquire (/Users/sebastiandysart/HustleXP/hustlexp-ai-backend/src/services/ledger/LedgerLockService.ts:38:30)\n    at async AdminServiceClass.overrideTaskState (/Users/sebastiandysart/HustleXP/hustlexp-ai-backend/src/services/AdminService.ts:30:23)\n    at async runD12 (/Users/sebastiandysart/HustleXP/hustlexp-ai-backend/src/tests/omega/seattle-gauntlet.ts:346:9)\n    at async runGauntlet (/Users/sebastiandysart/HustleXP/hustlexp-ai-backend/src/tests/omega/seattle-gauntlet.ts:381:9)"
    query: "\n                SELECT owner_ulid, expires_at FROM ledger_locks WHERE resource_id = $1\n            "
