
==================================================
   SEATTLE BETA GAUNTLET (OMEGA PROTOCOL v9D)
==================================================
SCENARIO | RESULT   | STATE        | LEDGER     | NOTES
---------|----------|--------------|------------|------------------------
[ENV] Loading Environment: LOCAL
[08:21:52] [32mINFO[39m: [36mRunning Enterprise Environment Loader[39m
    module: "service"
    mode: "local"
    stripeMode: "test"
    payoutsEnabled: false
    identityStrict: false
| A1   | PASS     | cancelled    | VERIFY     | Cancellation accepted
[08:21:54] [32mINFO[39m: [36mTask cancelled during active phase - Refund Logic Implicit[39m
    module: "service"
    taskId: "97949f3d-c074-4212-aafe-c7c1b82712ea"
    action: "cancel"
[08:21:54] [33mWARN[39m: [36mTask Cancelled by Poster[39m
    module: "service"
    taskId: "97949f3d-c074-4212-aafe-c7c1b82712ea"
    reason: "Changed mind"
[08:21:56] [32mINFO[39m: [36mPreparing ledger transaction: ESCROW_HOLD[39m
    module: "service"
    txId: "01KCBCTQ46NC6RG9EW9K7YQ682"
    type: "LedgerPrepare"
[08:21:56] [32mINFO[39m: [36mTransaction PREPARED (Pending)[39m
    module: "service"
    txId: "01KCBCTQ46NC6RG9EW9K7YQ682"
    type: "LedgerPrepare"
[08:21:56] [32mINFO[39m: [36mTransaction COMMITTED & Balances UPDATED[39m
    module: "service"
    txId: "01KCBCTQ46NC6RG9EW9K7YQ682"
    type: "LedgerCommit"
| A3   | FAIL     | completed    | UNK        | State not disputed
[08:21:57] [31mERROR[39m: [36mTemporal Guard Check Failed - Failing Closed (Reject)[39m
    module: "TemporalGuard"
    targetId: "3c25b84f-b1d0-4aff-a070-7c1a8f0bc59c"
    error: {
      "name": "Layerr"
    }
[08:21:57] [31mERROR[39m: [36mSaga Failed - Initiating Compensation Flow[39m
    module: "service"
    taskId: "3c25b84f-b1d0-4aff-a070-7c1a8f0bc59c"
    eventType: "DISPUTE_OPEN"
    err: {
      "type": "Error",
      "message": "Temporal Guard Blocked: Event 01a26a0e-6d49-4447-b82d-6eaa11513978 is older than last committed state.",
      "stack":
          Error: Temporal Guard Blocked: Event 01a26a0e-6d49-4447-b82d-6eaa11513978 is older than last committed state.
              at validateGuards (/Users/sebastiandysart/HustleXP/hustlexp-ai-backend/src/services/StripeMoneyEngine.ts:234:15)
              at process.processTicksAndRejections (node:internal/process/task_queues:105:5)
              at async <anonymous> (/Users/sebastiandysart/HustleXP/hustlexp-ai-backend/src/services/StripeMoneyEngine.ts:296:13)
              at async transaction (/Users/sebastiandysart/HustleXP/hustlexp-ai-backend/src/db/index.ts:44:24)
              at async Object.handle (/Users/sebastiandysart/HustleXP/hustlexp-ai-backend/src/services/StripeMoneyEngine.ts:287:28)
              at async DisputeServiceClass.createDispute (/Users/sebastiandysart/HustleXP/hustlexp-ai-backend/src/services/DisputeService.ts:115:17)
              at async runA3 (/Users/sebastiandysart/HustleXP/hustlexp-ai-backend/src/tests/omega/seattle-gauntlet.ts:408:24)
              at async runGauntlet (/Users/sebastiandysart/HustleXP/hustlexp-ai-backend/src/tests/omega/seattle-gauntlet.ts:543:9)
    }
[08:21:57] [31mERROR[39m: [36mFailed to transition Money Engine state to DISPUTE_OPEN[39m
    module: "service"
    taskId: "3c25b84f-b1d0-4aff-a070-7c1a8f0bc59c"
    err: {
      "type": "Error",
      "message": "Temporal Guard Blocked: Event 01a26a0e-6d49-4447-b82d-6eaa11513978 is older than last committed state.",
      "stack":
          Error: Temporal Guard Blocked: Event 01a26a0e-6d49-4447-b82d-6eaa11513978 is older than last committed state.
              at validateGuards (/Users/sebastiandysart/HustleXP/hustlexp-ai-backend/src/services/StripeMoneyEngine.ts:234:15)
              at process.processTicksAndRejections (node:internal/process/task_queues:105:5)
              at async <anonymous> (/Users/sebastiandysart/HustleXP/hustlexp-ai-backend/src/services/StripeMoneyEngine.ts:296:13)
              at async transaction (/Users/sebastiandysart/HustleXP/hustlexp-ai-backend/src/db/index.ts:44:24)
              at async Object.handle (/Users/sebastiandysart/HustleXP/hustlexp-ai-backend/src/services/StripeMoneyEngine.ts:287:28)
              at async DisputeServiceClass.createDispute (/Users/sebastiandysart/HustleXP/hustlexp-ai-backend/src/services/DisputeService.ts:115:17)
              at async runA3 (/Users/sebastiandysart/HustleXP/hustlexp-ai-backend/src/tests/omega/seattle-gauntlet.ts:408:24)
              at async runGauntlet (/Users/sebastiandysart/HustleXP/hustlexp-ai-backend/src/tests/omega/seattle-gauntlet.ts:543:9)
    }
[08:21:57] [32mINFO[39m: [36mDispute created and Money Engine notified[39m
    module: "service"
    disputeId: "f2feb06a-c53a-49c2-a0da-fd6b7e34a88b"
    taskId: "3c25b84f-b1d0-4aff-a070-7c1a8f0bc59c"
[08:21:57] [33mWARN[39m: [36mTask Abandoned by Hustler[39m
    module: "service"
    taskId: "41a4465b-b6af-479f-b7f0-73dc06a3bd63"
    hustlerId: "88502379-5db4-4fd7-b13d-880eeaa45a60"
| A4   | PASS     | active       | N/A        | Task reset to active
B6 EventID: 01KCBCTRQ027K2SBC1BPMAV48M
[08:21:58] [32mINFO[39m: [36mPreparing ledger transaction: ESCROW_HOLD[39m
    module: "service"
    txId: "01KCBCTS51K23WB85Y16DKXBZK"
    type: "LedgerPrepare"
[08:21:58] [32mINFO[39m: [36mTransaction PREPARED (Pending)[39m
    module: "service"
    txId: "01KCBCTS51K23WB85Y16DKXBZK"
    type: "LedgerPrepare"
[08:21:58] [32mINFO[39m: [36mTransaction COMMITTED & Balances UPDATED[39m
    module: "service"
    txId: "01KCBCTS51K23WB85Y16DKXBZK"
    type: "LedgerCommit"
| B6   | PASS     | idempotent   | SAFE       | Duplicate request ignored
[08:21:59] [41mFATAL[49m: [36m⚠️ KILL SWITCH TRIGGERED - SYSTEM FREEZING ⚠️[39m
    module: "KillSwitch"
    reason: "TEST_SIMULATION"
    metadata: {
      "desc": "Gauntlet Test"
    }
| C9   | PASS     | blocked      | SAFE       | KillSwitch blocked execution
[08:21:59] [32mINFO[39m: [36mKillSwitch Resolved - Resuming Operations[39m
    module: "KillSwitch"
[08:21:59] [33mWARN[39m: [36mADMIN OVERRIDE INITIATED[39m
    module: "service"
    input: {
      "adminId": "admin_dadda500-6a95-44f6-b809-fdbb658ca280",
      "taskId": "2733a703-4349-4383-b841-03d5e5d2f89c",
      "action": "force_cancel",
      "reason": "Gauntlet Override"
    }
[08:22:00] [32mINFO[39m: [36mAdmin Override Complete[39m
    module: "service"
    taskId: "2733a703-4349-4383-b841-03d5e5d2f89c"
    action: "force_cancel"
| D12  | PASS     | cancelled    | REFUNDED   | Admin forced cancel

==================================================
   EXECUTION COMPLETE
==================================================

