=========================================
   M4 SURGICAL TEST RUNNER (NEON/SER)    
=========================================
Environment: SERIALIZABLE Enforced.

>> RUNNING: Race Release (Option A: 500 Manual Clients - No Pool)
[13:23:21] [32mINFO[39m: [36m>>> STARTING M4 RACE RELEASE (OPTION A - STRICT) <<<[39m
    module: "service"
[13:23:22] [32mINFO[39m: [36mPreparing ledger transaction: PAYOUT_RELEASE[39m
    module: "service"
    txId: "01KC9BNYNSZJFNRN34PGPXKMPY"
    type: "LedgerPrepare"
[13:23:22] [32mINFO[39m: [36mTransaction PREPARED (Pending)[39m
    module: "service"
    txId: "01KC9BNYNSZJFNRN34PGPXKMPY"
    type: "LedgerPrepare"
[13:23:23] [32mINFO[39m: [36mPreparing ledger transaction: PAYOUT_RELEASE[39m
    module: "service"
    txId: "01KC9BNZMJE2FVADVEBGWAXMS0"
    type: "LedgerPrepare"
[13:23:23] [32mINFO[39m: [36mTransaction PREPARED (Pending)[39m
    module: "service"
    txId: "01KC9BNZMJE2FVADVEBGWAXMS0"
    type: "LedgerPrepare"
[13:23:24] [32mINFO[39m: [36mPreparing ledger transaction: PAYOUT_RELEASE[39m
    module: "service"
    txId: "01KC9BP08NX7F868SE828AKFXZ"
    type: "LedgerPrepare"
[13:23:24] [32mINFO[39m: [36mTransaction PREPARED (Pending)[39m
    module: "service"
    txId: "01KC9BP08NX7F868SE828AKFXZ"
    type: "LedgerPrepare"
[13:23:24] [32mINFO[39m: [36mPreparing ledger transaction: PAYOUT_RELEASE[39m
    module: "service"
    txId: "01KC9BP0W9FXHAYHYD4APT149B"
    type: "LedgerPrepare"
[13:23:24] [32mINFO[39m: [36mTransaction PREPARED (Pending)[39m
    module: "service"
    txId: "01KC9BP0W9FXHAYHYD4APT149B"
    type: "LedgerPrepare"
[13:23:25] [32mINFO[39m: [36mPreparing ledger transaction: PAYOUT_RELEASE[39m
    module: "service"
    txId: "01KC9BP1E24RJD4JVVBGTFJA83"
    type: "LedgerPrepare"
[13:23:25] [32mINFO[39m: [36mTransaction PREPARED (Pending)[39m
    module: "service"
    txId: "01KC9BP1E24RJD4JVVBGTFJA83"
    type: "LedgerPrepare"
[13:23:25] [32mINFO[39m: [36mPreparing ledger transaction: PAYOUT_RELEASE[39m
    module: "service"
    txId: "01KC9BP1YC4235HZB31BNSM0Y1"
    type: "LedgerPrepare"
[13:23:26] [32mINFO[39m: [36mTransaction PREPARED (Pending)[39m
    module: "service"
    txId: "01KC9BP1YC4235HZB31BNSM0Y1"
    type: "LedgerPrepare"
[13:23:26] [32mINFO[39m: [36mPreparing ledger transaction: PAYOUT_RELEASE[39m
    module: "service"
    txId: "01KC9BP2KY4ZWK91HZVV2EKQ3Z"
    type: "LedgerPrepare"
[13:23:26] [32mINFO[39m: [36mTransaction PREPARED (Pending)[39m
    module: "service"
    txId: "01KC9BP2KY4ZWK91HZVV2EKQ3Z"
    type: "LedgerPrepare"
[13:23:27] [32mINFO[39m: [36mPreparing ledger transaction: PAYOUT_RELEASE[39m
    module: "service"
    txId: "01KC9BP36YD54DNAR5GYTHYR25"
    type: "LedgerPrepare"
[13:23:27] [32mINFO[39m: [36mTransaction PREPARED (Pending)[39m
    module: "service"
    txId: "01KC9BP36YD54DNAR5GYTHYR25"
    type: "LedgerPrepare"
[13:23:27] [32mINFO[39m: [36mPreparing ledger transaction: PAYOUT_RELEASE[39m
    module: "service"
    txId: "01KC9BP3TYW0YMBG61BJ1PC579"
    type: "LedgerPrepare"
[13:23:27] [32mINFO[39m: [36mTransaction PREPARED (Pending)[39m
    module: "service"
    txId: "01KC9BP3TYW0YMBG61BJ1PC579"
    type: "LedgerPrepare"
[13:23:28] [32mINFO[39m: [36mPreparing ledger transaction: PAYOUT_RELEASE[39m
    module: "service"
    txId: "01KC9BP4D9RGQK4PNQ45JBZSX6"
    type: "LedgerPrepare"
[13:23:28] [32mINFO[39m: [36mTransaction PREPARED (Pending)[39m
    module: "service"
    txId: "01KC9BP4D9RGQK4PNQ45JBZSX6"
    type: "LedgerPrepare"
   [FAIL] 6982ms - Idempotency Failed: 0 processed events. First Error: Invalid API Key provided: sk_test_*****************************only

>> RUNNING: Saga Fault Injection (Stripe Down)
[13:23:28] [32mINFO[39m: [36m>>> STARTING M4 SAGA FAULTS (STRIPE DOWN) <<<[39m
    module: "service"
   [FAIL] 340ms - Unexpected error: money_state_lock missing for task aaeefc6b-1288-4721-bcd9-b97009a71a3c

>> RUNNING: Ledger Consistency & Integrity
   [PASS] 91ms

=========================================
   M4 FINAL REPORT                       
=========================================
â”Œâ”€â”€â”€â”€â”€â”€â”€â”€â”€â”¬â”€â”€â”€â”€â”€â”€â”€â”€â”€â”€â”€â”€â”€â”€â”€â”€â”€â”€â”€â”€â”€â”€â”€â”€â”€â”€â”€â”€â”€â”€â”€â”€â”€â”€â”€â”€â”€â”€â”€â”€â”€â”€â”€â”€â”€â”€â”€â”€â”€â”€â”€â”€â”€â”€â”€â”€â”€â”¬â”€â”€â”€â”€â”€â”€â”€â”€â”¬â”€â”€â”€â”€â”€â”€â”€â”€â”€â”€â”¬â”€â”€â”€â”€â”€â”€â”€â”€â”€â”€â”€â”€â”€â”€â”€â”€â”€â”€â”€â”€â”€â”€â”€â”€â”€â”€â”€â”€â”€â”€â”€â”€â”€â”€â”€â”€â”€â”€â”€â”€â”€â”€â”€â”€â”€â”€â”€â”€â”€â”€â”€â”€â”€â”€â”€â”€â”€â”€â”€â”€â”€â”€â”€â”€â”€â”€â”€â”€â”€â”€â”€â”€â”€â”€â”€â”€â”€â”€â”€â”€â”€â”€â”¬â”€â”€â”€â”€â”€â”€â”€â”€â”€â”€â”€â”€â”€â”€â”€â”€â”€â”€â”€â”€â”€â”€â”€â”€â”€â”€â”€â”€â”€â”€â”€â”€â”€â”€â”€â”€â”€â”€â”€â”€â”€â”€â”€â”€â”€â”€â”€â”€â”€â”€â”€â”€â”€â”€â”€â”€â”€â”€â”€â”€â”€â”€â”€â”€â”€â”€â”€â”€â”€â”€â”€â”€â”€â”€â”€â”€â”€â”€â”€â”€â”€â”€â”€â”€â”€â”€â”€â”€â”€â”€â”€â”€â”€â”€â”€â”€â”€â”€â”€â”€â”€â”€â”€â”€â”€â”€â”€â”€â”€â”€â”€â”€â”€â”€â”€â”€â”€â”€â”€â”€â”€â”€â”€â”€â”
â”‚ (index) â”‚ Case                                                    â”‚ Status â”‚ Time     â”‚ Stats                                                                            â”‚ Error                                                                                                                      â”‚
â”œâ”€â”€â”€â”€â”€â”€â”€â”€â”€â”¼â”€â”€â”€â”€â”€â”€â”€â”€â”€â”€â”€â”€â”€â”€â”€â”€â”€â”€â”€â”€â”€â”€â”€â”€â”€â”€â”€â”€â”€â”€â”€â”€â”€â”€â”€â”€â”€â”€â”€â”€â”€â”€â”€â”€â”€â”€â”€â”€â”€â”€â”€â”€â”€â”€â”€â”€â”€â”¼â”€â”€â”€â”€â”€â”€â”€â”€â”¼â”€â”€â”€â”€â”€â”€â”€â”€â”€â”€â”¼â”€â”€â”€â”€â”€â”€â”€â”€â”€â”€â”€â”€â”€â”€â”€â”€â”€â”€â”€â”€â”€â”€â”€â”€â”€â”€â”€â”€â”€â”€â”€â”€â”€â”€â”€â”€â”€â”€â”€â”€â”€â”€â”€â”€â”€â”€â”€â”€â”€â”€â”€â”€â”€â”€â”€â”€â”€â”€â”€â”€â”€â”€â”€â”€â”€â”€â”€â”€â”€â”€â”€â”€â”€â”€â”€â”€â”€â”€â”€â”€â”€â”€â”¼â”€â”€â”€â”€â”€â”€â”€â”€â”€â”€â”€â”€â”€â”€â”€â”€â”€â”€â”€â”€â”€â”€â”€â”€â”€â”€â”€â”€â”€â”€â”€â”€â”€â”€â”€â”€â”€â”€â”€â”€â”€â”€â”€â”€â”€â”€â”€â”€â”€â”€â”€â”€â”€â”€â”€â”€â”€â”€â”€â”€â”€â”€â”€â”€â”€â”€â”€â”€â”€â”€â”€â”€â”€â”€â”€â”€â”€â”€â”€â”€â”€â”€â”€â”€â”€â”€â”€â”€â”€â”€â”€â”€â”€â”€â”€â”€â”€â”€â”€â”€â”€â”€â”€â”€â”€â”€â”€â”€â”€â”€â”€â”€â”€â”€â”€â”€â”€â”€â”€â”€â”€â”€â”€â”€â”¤
â”‚ 0       â”‚ 'Race Release (Option A: 500 Manual Clients - No Pool)' â”‚ 'FAIL' â”‚ '6982ms' â”‚ '{"successes":0,"failures":10,"processedCount":0,"finalVersion":1,"workers":10}' â”‚ 'Idempotency Failed: 0 processed events. First Error: Invalid API Key provided: sk_test_*****************************only' â”‚
â”‚ 1       â”‚ 'Saga Fault Injection (Stripe Down)'                    â”‚ 'FAIL' â”‚ '340ms'  â”‚ ''                                                                               â”‚ 'Unexpected error: money_state_lock missing for task aaeefc6b-1288-4721-bcd9-b97009a71a3c'                                 â”‚
â”‚ 2       â”‚ 'Ledger Consistency & Integrity'                        â”‚ 'PASS' â”‚ '91ms'   â”‚ '{"checkedTransactions":"ALL"}'                                                  â”‚ ''                                                                                                                         â”‚
â””â”€â”€â”€â”€â”€â”€â”€â”€â”€â”´â”€â”€â”€â”€â”€â”€â”€â”€â”€â”€â”€â”€â”€â”€â”€â”€â”€â”€â”€â”€â”€â”€â”€â”€â”€â”€â”€â”€â”€â”€â”€â”€â”€â”€â”€â”€â”€â”€â”€â”€â”€â”€â”€â”€â”€â”€â”€â”€â”€â”€â”€â”€â”€â”€â”€â”€â”€â”´â”€â”€â”€â”€â”€â”€â”€â”€â”´â”€â”€â”€â”€â”€â”€â”€â”€â”€â”€â”´â”€â”€â”€â”€â”€â”€â”€â”€â”€â”€â”€â”€â”€â”€â”€â”€â”€â”€â”€â”€â”€â”€â”€â”€â”€â”€â”€â”€â”€â”€â”€â”€â”€â”€â”€â”€â”€â”€â”€â”€â”€â”€â”€â”€â”€â”€â”€â”€â”€â”€â”€â”€â”€â”€â”€â”€â”€â”€â”€â”€â”€â”€â”€â”€â”€â”€â”€â”€â”€â”€â”€â”€â”€â”€â”€â”€â”€â”€â”€â”€â”€â”€â”´â”€â”€â”€â”€â”€â”€â”€â”€â”€â”€â”€â”€â”€â”€â”€â”€â”€â”€â”€â”€â”€â”€â”€â”€â”€â”€â”€â”€â”€â”€â”€â”€â”€â”€â”€â”€â”€â”€â”€â”€â”€â”€â”€â”€â”€â”€â”€â”€â”€â”€â”€â”€â”€â”€â”€â”€â”€â”€â”€â”€â”€â”€â”€â”€â”€â”€â”€â”€â”€â”€â”€â”€â”€â”€â”€â”€â”€â”€â”€â”€â”€â”€â”€â”€â”€â”€â”€â”€â”€â”€â”€â”€â”€â”€â”€â”€â”€â”€â”€â”€â”€â”€â”€â”€â”€â”€â”€â”€â”€â”€â”€â”€â”€â”€â”€â”€â”€â”€â”€â”€â”€â”€â”€â”€â”˜

Status: BUSTED. Fix the Engine.
