=========================================
   M4 SURGICAL TEST RUNNER (NEON/SER)    
=========================================
Environment: SERIALIZABLE Enforced.

>> RUNNING: Race Release (Option A: 500 Manual Clients - No Pool)
[13:26:32] [32mINFO[39m: [36m>>> STARTING M4 RACE RELEASE (OPTION A - STRICT) <<<[39m
    module: "service"
DEBUG: handle options keys: [ 'tx', 'disableRetries' ]
DEBUG: stripeClient present: false
DEBUG: handle options keys: [ 'tx', 'disableRetries' ]
DEBUG: stripeClient present: false
DEBUG: handle options keys: [ 'tx', 'disableRetries' ]
DEBUG: stripeClient present: false
DEBUG: handle options keys: [ 'tx', 'disableRetries' ]
DEBUG: stripeClient present: false
DEBUG: handle options keys: [ 'tx', 'disableRetries' ]
DEBUG: stripeClient present: false
DEBUG: handle options keys: [ 'tx', 'disableRetries' ]
DEBUG: stripeClient present: false
DEBUG: handle options keys: [ 'tx', 'disableRetries' ]
DEBUG: stripeClient present: false
DEBUG: handle options keys: [ 'tx', 'disableRetries' ]
DEBUG: stripeClient present: false
DEBUG: handle options keys: [ 'tx', 'disableRetries' ]
DEBUG: stripeClient present: false
DEBUG: handle options keys: [ 'tx', 'disableRetries' ]
DEBUG: stripeClient present: false
[13:26:33] [32mINFO[39m: [36mPreparing ledger transaction: PAYOUT_RELEASE[39m
    module: "service"
    txId: "01KC9BVRVTPK16J0EQDP09CMV0"
    type: "LedgerPrepare"
[13:26:33] [32mINFO[39m: [36mTransaction PREPARED (Pending)[39m
    module: "service"
    txId: "01KC9BVRVTPK16J0EQDP09CMV0"
    type: "LedgerPrepare"
[13:26:33] [32mINFO[39m: [36mPreparing ledger transaction: PAYOUT_RELEASE[39m
    module: "service"
    txId: "01KC9BVSG2PHM961JDXTS2ZA3W"
    type: "LedgerPrepare"
[13:26:33] [32mINFO[39m: [36mTransaction PREPARED (Pending)[39m
    module: "service"
    txId: "01KC9BVSG2PHM961JDXTS2ZA3W"
    type: "LedgerPrepare"
[13:26:34] [32mINFO[39m: [36mPreparing ledger transaction: PAYOUT_RELEASE[39m
    module: "service"
    txId: "01KC9BVT38AQF1KC9HVEQJTGPD"
    type: "LedgerPrepare"
[13:26:34] [32mINFO[39m: [36mTransaction PREPARED (Pending)[39m
    module: "service"
    txId: "01KC9BVT38AQF1KC9HVEQJTGPD"
    type: "LedgerPrepare"
[13:26:34] [32mINFO[39m: [36mPreparing ledger transaction: PAYOUT_RELEASE[39m
    module: "service"
    txId: "01KC9BVTJ5TJMXDH10475H505P"
    type: "LedgerPrepare"
[13:26:34] [32mINFO[39m: [36mTransaction PREPARED (Pending)[39m
    module: "service"
    txId: "01KC9BVTJ5TJMXDH10475H505P"
    type: "LedgerPrepare"
[13:26:35] [32mINFO[39m: [36mPreparing ledger transaction: PAYOUT_RELEASE[39m
    module: "service"
    txId: "01KC9BVV132N0J91CBZKC4HH6N"
    type: "LedgerPrepare"
[13:26:35] [32mINFO[39m: [36mTransaction PREPARED (Pending)[39m
    module: "service"
    txId: "01KC9BVV132N0J91CBZKC4HH6N"
    type: "LedgerPrepare"
[13:26:35] [32mINFO[39m: [36mPreparing ledger transaction: PAYOUT_RELEASE[39m
    module: "service"
    txId: "01KC9BVVFT058K5CBNZ24DXNN4"
    type: "LedgerPrepare"
[13:26:35] [32mINFO[39m: [36mTransaction PREPARED (Pending)[39m
    module: "service"
    txId: "01KC9BVVFT058K5CBNZ24DXNN4"
    type: "LedgerPrepare"
[13:26:36] [32mINFO[39m: [36mPreparing ledger transaction: PAYOUT_RELEASE[39m
    module: "service"
    txId: "01KC9BVW70414W3PWQEDYAPC3X"
    type: "LedgerPrepare"
[13:26:36] [32mINFO[39m: [36mTransaction PREPARED (Pending)[39m
    module: "service"
    txId: "01KC9BVW70414W3PWQEDYAPC3X"
    type: "LedgerPrepare"
[13:26:37] [32mINFO[39m: [36mPreparing ledger transaction: PAYOUT_RELEASE[39m
    module: "service"
    txId: "01KC9BVWQ59C5H0SXP6Q11C2TN"
    type: "LedgerPrepare"
[13:26:37] [32mINFO[39m: [36mTransaction PREPARED (Pending)[39m
    module: "service"
    txId: "01KC9BVWQ59C5H0SXP6Q11C2TN"
    type: "LedgerPrepare"
[13:26:37] [32mINFO[39m: [36mPreparing ledger transaction: PAYOUT_RELEASE[39m
    module: "service"
    txId: "01KC9BVX8V5PAB0X79QW6NCHM9"
    type: "LedgerPrepare"
[13:26:37] [32mINFO[39m: [36mTransaction PREPARED (Pending)[39m
    module: "service"
    txId: "01KC9BVX8V5PAB0X79QW6NCHM9"
    type: "LedgerPrepare"
[13:26:38] [32mINFO[39m: [36mPreparing ledger transaction: PAYOUT_RELEASE[39m
    module: "service"
    txId: "01KC9BVXY42CGEVYYVP3Z9AY1K"
    type: "LedgerPrepare"
[13:26:38] [32mINFO[39m: [36mTransaction PREPARED (Pending)[39m
    module: "service"
    txId: "01KC9BVXY42CGEVYYVP3Z9AY1K"
    type: "LedgerPrepare"
   [FAIL] 6527ms - Idempotency Failed: 0 processed events. First Error: Invalid API Key provided: sk_test_*****************************only

>> RUNNING: Saga Fault Injection (Stripe Down)
[13:26:38] [32mINFO[39m: [36m>>> STARTING M4 SAGA FAULTS (STRIPE DOWN) <<<[39m
    module: "service"
DEBUG: handle options keys: [ 'stripeClient' ]
DEBUG: stripeClient present: true
   [FAIL] 386ms - Unexpected error: money_state_lock missing for task df7b59ea-6754-43ec-bceb-ddbff0978d87

>> RUNNING: Ledger Consistency & Integrity
   [PASS] 106ms

=========================================
   M4 FINAL REPORT                       
=========================================
â”Œâ”€â”€â”€â”€â”€â”€â”€â”€â”€â”¬â”€â”€â”€â”€â”€â”€â”€â”€â”€â”€â”€â”€â”€â”€â”€â”€â”€â”€â”€â”€â”€â”€â”€â”€â”€â”€â”€â”€â”€â”€â”€â”€â”€â”€â”€â”€â”€â”€â”€â”€â”€â”€â”€â”€â”€â”€â”€â”€â”€â”€â”€â”€â”€â”€â”€â”€â”€â”¬â”€â”€â”€â”€â”€â”€â”€â”€â”¬â”€â”€â”€â”€â”€â”€â”€â”€â”€â”€â”¬â”€â”€â”€â”€â”€â”€â”€â”€â”€â”€â”€â”€â”€â”€â”€â”€â”€â”€â”€â”€â”€â”€â”€â”€â”€â”€â”€â”€â”€â”€â”€â”€â”€â”€â”€â”€â”€â”€â”€â”€â”€â”€â”€â”€â”€â”€â”€â”€â”€â”€â”€â”€â”€â”€â”€â”€â”€â”€â”€â”€â”€â”€â”€â”€â”€â”€â”€â”€â”€â”€â”€â”€â”€â”€â”€â”€â”€â”€â”€â”€â”€â”€â”¬â”€â”€â”€â”€â”€â”€â”€â”€â”€â”€â”€â”€â”€â”€â”€â”€â”€â”€â”€â”€â”€â”€â”€â”€â”€â”€â”€â”€â”€â”€â”€â”€â”€â”€â”€â”€â”€â”€â”€â”€â”€â”€â”€â”€â”€â”€â”€â”€â”€â”€â”€â”€â”€â”€â”€â”€â”€â”€â”€â”€â”€â”€â”€â”€â”€â”€â”€â”€â”€â”€â”€â”€â”€â”€â”€â”€â”€â”€â”€â”€â”€â”€â”€â”€â”€â”€â”€â”€â”€â”€â”€â”€â”€â”€â”€â”€â”€â”€â”€â”€â”€â”€â”€â”€â”€â”€â”€â”€â”€â”€â”€â”€â”€â”€â”€â”€â”€â”€â”€â”€â”€â”€â”€â”€â”
â”‚ (index) â”‚ Case                                                    â”‚ Status â”‚ Time     â”‚ Stats                                                                            â”‚ Error                                                                                                                      â”‚
â”œâ”€â”€â”€â”€â”€â”€â”€â”€â”€â”¼â”€â”€â”€â”€â”€â”€â”€â”€â”€â”€â”€â”€â”€â”€â”€â”€â”€â”€â”€â”€â”€â”€â”€â”€â”€â”€â”€â”€â”€â”€â”€â”€â”€â”€â”€â”€â”€â”€â”€â”€â”€â”€â”€â”€â”€â”€â”€â”€â”€â”€â”€â”€â”€â”€â”€â”€â”€â”¼â”€â”€â”€â”€â”€â”€â”€â”€â”¼â”€â”€â”€â”€â”€â”€â”€â”€â”€â”€â”¼â”€â”€â”€â”€â”€â”€â”€â”€â”€â”€â”€â”€â”€â”€â”€â”€â”€â”€â”€â”€â”€â”€â”€â”€â”€â”€â”€â”€â”€â”€â”€â”€â”€â”€â”€â”€â”€â”€â”€â”€â”€â”€â”€â”€â”€â”€â”€â”€â”€â”€â”€â”€â”€â”€â”€â”€â”€â”€â”€â”€â”€â”€â”€â”€â”€â”€â”€â”€â”€â”€â”€â”€â”€â”€â”€â”€â”€â”€â”€â”€â”€â”€â”¼â”€â”€â”€â”€â”€â”€â”€â”€â”€â”€â”€â”€â”€â”€â”€â”€â”€â”€â”€â”€â”€â”€â”€â”€â”€â”€â”€â”€â”€â”€â”€â”€â”€â”€â”€â”€â”€â”€â”€â”€â”€â”€â”€â”€â”€â”€â”€â”€â”€â”€â”€â”€â”€â”€â”€â”€â”€â”€â”€â”€â”€â”€â”€â”€â”€â”€â”€â”€â”€â”€â”€â”€â”€â”€â”€â”€â”€â”€â”€â”€â”€â”€â”€â”€â”€â”€â”€â”€â”€â”€â”€â”€â”€â”€â”€â”€â”€â”€â”€â”€â”€â”€â”€â”€â”€â”€â”€â”€â”€â”€â”€â”€â”€â”€â”€â”€â”€â”€â”€â”€â”€â”€â”€â”€â”¤
â”‚ 0       â”‚ 'Race Release (Option A: 500 Manual Clients - No Pool)' â”‚ 'FAIL' â”‚ '6527ms' â”‚ '{"successes":0,"failures":10,"processedCount":0,"finalVersion":1,"workers":10}' â”‚ 'Idempotency Failed: 0 processed events. First Error: Invalid API Key provided: sk_test_*****************************only' â”‚
â”‚ 1       â”‚ 'Saga Fault Injection (Stripe Down)'                    â”‚ 'FAIL' â”‚ '386ms'  â”‚ ''                                                                               â”‚ 'Unexpected error: money_state_lock missing for task df7b59ea-6754-43ec-bceb-ddbff0978d87'                                 â”‚
â”‚ 2       â”‚ 'Ledger Consistency & Integrity'                        â”‚ 'PASS' â”‚ '106ms'  â”‚ '{"checkedTransactions":"ALL"}'                                                  â”‚ ''                                                                                                                         â”‚
â””â”€â”€â”€â”€â”€â”€â”€â”€â”€â”´â”€â”€â”€â”€â”€â”€â”€â”€â”€â”€â”€â”€â”€â”€â”€â”€â”€â”€â”€â”€â”€â”€â”€â”€â”€â”€â”€â”€â”€â”€â”€â”€â”€â”€â”€â”€â”€â”€â”€â”€â”€â”€â”€â”€â”€â”€â”€â”€â”€â”€â”€â”€â”€â”€â”€â”€â”€â”´â”€â”€â”€â”€â”€â”€â”€â”€â”´â”€â”€â”€â”€â”€â”€â”€â”€â”€â”€â”´â”€â”€â”€â”€â”€â”€â”€â”€â”€â”€â”€â”€â”€â”€â”€â”€â”€â”€â”€â”€â”€â”€â”€â”€â”€â”€â”€â”€â”€â”€â”€â”€â”€â”€â”€â”€â”€â”€â”€â”€â”€â”€â”€â”€â”€â”€â”€â”€â”€â”€â”€â”€â”€â”€â”€â”€â”€â”€â”€â”€â”€â”€â”€â”€â”€â”€â”€â”€â”€â”€â”€â”€â”€â”€â”€â”€â”€â”€â”€â”€â”€â”€â”´â”€â”€â”€â”€â”€â”€â”€â”€â”€â”€â”€â”€â”€â”€â”€â”€â”€â”€â”€â”€â”€â”€â”€â”€â”€â”€â”€â”€â”€â”€â”€â”€â”€â”€â”€â”€â”€â”€â”€â”€â”€â”€â”€â”€â”€â”€â”€â”€â”€â”€â”€â”€â”€â”€â”€â”€â”€â”€â”€â”€â”€â”€â”€â”€â”€â”€â”€â”€â”€â”€â”€â”€â”€â”€â”€â”€â”€â”€â”€â”€â”€â”€â”€â”€â”€â”€â”€â”€â”€â”€â”€â”€â”€â”€â”€â”€â”€â”€â”€â”€â”€â”€â”€â”€â”€â”€â”€â”€â”€â”€â”€â”€â”€â”€â”€â”€â”€â”€â”€â”€â”€â”€â”€â”€â”˜

Status: BUSTED. Fix the Engine.
