=========================================
   M4 SURGICAL TEST RUNNER (NEON/SER)    
=========================================
Environment: SERIALIZABLE Enforced.

>> RUNNING: Race Release (Option A: 500 Manual Clients - No Pool)
[13:31:21] [32mINFO[39m: [36m>>> STARTING M4 RACE RELEASE (OPTION A - STRICT) <<<[39m
    module: "service"
DEBUG: handle options keys: [ 'tx', 'disableRetries', 'stripeClient' ]
DEBUG: stripeClient present: true
DEBUG: handle options keys: [ 'tx', 'disableRetries', 'stripeClient' ]
DEBUG: stripeClient present: true
DEBUG: handle options keys: [ 'tx', 'disableRetries', 'stripeClient' ]
DEBUG: stripeClient present: true
DEBUG: handle options keys: [ 'tx', 'disableRetries', 'stripeClient' ]
DEBUG: stripeClient present: true
DEBUG: handle options keys: [ 'tx', 'disableRetries', 'stripeClient' ]
DEBUG: stripeClient present: true
DEBUG: handle options keys: [ 'tx', 'disableRetries', 'stripeClient' ]
DEBUG: stripeClient present: true
DEBUG: handle options keys: [ 'tx', 'disableRetries', 'stripeClient' ]
DEBUG: stripeClient present: true
DEBUG: handle options keys: [ 'tx', 'disableRetries', 'stripeClient' ]
DEBUG: stripeClient present: true
DEBUG: handle options keys: [ 'tx', 'disableRetries', 'stripeClient' ]
DEBUG: stripeClient present: true
DEBUG: handle options keys: [ 'tx', 'disableRetries', 'stripeClient' ]
DEBUG: stripeClient present: true
[13:31:22] [32mINFO[39m: [36mPreparing ledger transaction: PAYOUT_RELEASE[39m
    module: "service"
    txId: "01KC9C4K9T884RZVNBJKDFAFYW"
    type: "LedgerPrepare"
[13:31:22] [32mINFO[39m: [36mTransaction PREPARED (Pending)[39m
    module: "service"
    txId: "01KC9C4K9T884RZVNBJKDFAFYW"
    type: "LedgerPrepare"
[13:31:22] [32mINFO[39m: [36mTransaction COMMITTED[39m
    module: "service"
    txId: "01KC9C4K9T884RZVNBJKDFAFYW"
    type: "LedgerCommit"
   [PASS] 1391ms

>> RUNNING: Saga Fault Injection (Stripe Down)
DEBUG: handle options keys: [ 'stripeClient' ]
DEBUG: stripeClient present: true
[13:31:23] [32mINFO[39m: [36m>>> STARTING M4 SAGA FAULTS (STRIPE DOWN) <<<[39m
    module: "service"
   [FAIL] 355ms - Unexpected error: money_state_lock missing for task e371e870-5ef7-4668-92e5-2bc79bb4a7cd

>> RUNNING: Ledger Consistency & Integrity
   [PASS] 94ms

=========================================
   M4 FINAL REPORT                       
=========================================
┌─────────┬─────────────────────────────────────────────────────────┬────────┬──────────┬─────────────────────────────────────────────────────────────────────────────────┬────────────────────────────────────────────────────────────────────────────────────────────┐
│ (index) │ Case                                                    │ Status │ Time     │ Stats                                                                           │ Error                                                                                      │
├─────────┼─────────────────────────────────────────────────────────┼────────┼──────────┼─────────────────────────────────────────────────────────────────────────────────┼────────────────────────────────────────────────────────────────────────────────────────────┤
│ 0       │ 'Race Release (Option A: 500 Manual Clients - No Pool)' │ 'PASS' │ '1391ms' │ '{"successes":1,"failures":9,"processedCount":1,"finalVersion":2,"workers":10}' │ ''                                                                                         │
│ 1       │ 'Saga Fault Injection (Stripe Down)'                    │ 'FAIL' │ '355ms'  │ ''                                                                              │ 'Unexpected error: money_state_lock missing for task e371e870-5ef7-4668-92e5-2bc79bb4a7cd' │
│ 2       │ 'Ledger Consistency & Integrity'                        │ 'PASS' │ '94ms'   │ '{"checkedTransactions":"ALL"}'                                                 │ ''                                                                                         │
└─────────┴─────────────────────────────────────────────────────────┴────────┴──────────┴─────────────────────────────────────────────────────────────────────────────────┴────────────────────────────────────────────────────────────────────────────────────────────┘

Status: BUSTED. Fix the Engine.
