=========================================
   M4 SURGICAL TEST RUNNER (NEON/SER)    
=========================================
Environment: SERIALIZABLE Enforced.

>> RUNNING: Race Release (Option A: 500 Manual Clients - No Pool)
[13:25:32] [32mINFO[39m: [36m>>> STARTING M4 RACE RELEASE (OPTION A - STRICT) <<<[39m
    module: "service"
[13:25:32] [32mINFO[39m: [36mPreparing ledger transaction: PAYOUT_RELEASE[39m
    module: "service"
    txId: "01KC9BSY61G7WQZKN34J97XJB2"
    type: "LedgerPrepare"
[13:25:33] [32mINFO[39m: [36mTransaction PREPARED (Pending)[39m
    module: "service"
    txId: "01KC9BSY61G7WQZKN34J97XJB2"
    type: "LedgerPrepare"
[13:25:33] [32mINFO[39m: [36mPreparing ledger transaction: PAYOUT_RELEASE[39m
    module: "service"
    txId: "01KC9BSYYWMR85BBCRC17C5MGE"
    type: "LedgerPrepare"
[13:25:34] [32mINFO[39m: [36mTransaction PREPARED (Pending)[39m
    module: "service"
    txId: "01KC9BSYYWMR85BBCRC17C5MGE"
    type: "LedgerPrepare"
[13:25:34] [32mINFO[39m: [36mPreparing ledger transaction: PAYOUT_RELEASE[39m
    module: "service"
    txId: "01KC9BSZQ3SDERTVH8D5ZJYK6J"
    type: "LedgerPrepare"
[13:25:34] [32mINFO[39m: [36mTransaction PREPARED (Pending)[39m
    module: "service"
    txId: "01KC9BSZQ3SDERTVH8D5ZJYK6J"
    type: "LedgerPrepare"
[13:25:35] [32mINFO[39m: [36mPreparing ledger transaction: PAYOUT_RELEASE[39m
    module: "service"
    txId: "01KC9BT0902FNR8A4HYYEN69NV"
    type: "LedgerPrepare"
[13:25:35] [32mINFO[39m: [36mTransaction PREPARED (Pending)[39m
    module: "service"
    txId: "01KC9BT0902FNR8A4HYYEN69NV"
    type: "LedgerPrepare"
[13:25:35] [32mINFO[39m: [36mPreparing ledger transaction: PAYOUT_RELEASE[39m
    module: "service"
    txId: "01KC9BT0RXMG3HW9JMEQ067XJF"
    type: "LedgerPrepare"
[13:25:35] [32mINFO[39m: [36mTransaction PREPARED (Pending)[39m
    module: "service"
    txId: "01KC9BT0RXMG3HW9JMEQ067XJF"
    type: "LedgerPrepare"
[13:25:36] [32mINFO[39m: [36mPreparing ledger transaction: PAYOUT_RELEASE[39m
    module: "service"
    txId: "01KC9BT18TD4XWRWP6ASYBKZXW"
    type: "LedgerPrepare"
[13:25:36] [32mINFO[39m: [36mTransaction PREPARED (Pending)[39m
    module: "service"
    txId: "01KC9BT18TD4XWRWP6ASYBKZXW"
    type: "LedgerPrepare"
[13:25:36] [32mINFO[39m: [36mPreparing ledger transaction: PAYOUT_RELEASE[39m
    module: "service"
    txId: "01KC9BT1X7H76N68V28F9TATC2"
    type: "LedgerPrepare"
[13:25:36] [32mINFO[39m: [36mTransaction PREPARED (Pending)[39m
    module: "service"
    txId: "01KC9BT1X7H76N68V28F9TATC2"
    type: "LedgerPrepare"
[13:25:37] [32mINFO[39m: [36mPreparing ledger transaction: PAYOUT_RELEASE[39m
    module: "service"
    txId: "01KC9BT2DKH7TYN1QGW2VN99P0"
    type: "LedgerPrepare"
[13:25:37] [32mINFO[39m: [36mTransaction PREPARED (Pending)[39m
    module: "service"
    txId: "01KC9BT2DKH7TYN1QGW2VN99P0"
    type: "LedgerPrepare"
[13:25:38] [32mINFO[39m: [36mPreparing ledger transaction: PAYOUT_RELEASE[39m
    module: "service"
    txId: "01KC9BT34BF9RSFX4JNVGW9ZER"
    type: "LedgerPrepare"
[13:25:38] [32mINFO[39m: [36mTransaction PREPARED (Pending)[39m
    module: "service"
    txId: "01KC9BT34BF9RSFX4JNVGW9ZER"
    type: "LedgerPrepare"
[13:25:38] [32mINFO[39m: [36mPreparing ledger transaction: PAYOUT_RELEASE[39m
    module: "service"
    txId: "01KC9BT3MF4T4NAT36ZQGNK2M5"
    type: "LedgerPrepare"
[13:25:38] [32mINFO[39m: [36mTransaction PREPARED (Pending)[39m
    module: "service"
    txId: "01KC9BT3MF4T4NAT36ZQGNK2M5"
    type: "LedgerPrepare"
   [FAIL] 6802ms - Idempotency Failed: 0 processed events. First Error: Invalid API Key provided: sk_test_*****************************only

>> RUNNING: Saga Fault Injection (Stripe Down)
[13:25:38] [32mINFO[39m: [36m>>> STARTING M4 SAGA FAULTS (STRIPE DOWN) <<<[39m
    module: "service"
   [FAIL] 404ms - Unexpected error: money_state_lock missing for task 74c1dc1c-30fc-447c-b5fe-b133275ecbfb

>> RUNNING: Ledger Consistency & Integrity
   [PASS] 199ms

=========================================
   M4 FINAL REPORT                       
=========================================
â”Œâ”€â”€â”€â”€â”€â”€â”€â”€â”€â”¬â”€â”€â”€â”€â”€â”€â”€â”€â”€â”€â”€â”€â”€â”€â”€â”€â”€â”€â”€â”€â”€â”€â”€â”€â”€â”€â”€â”€â”€â”€â”€â”€â”€â”€â”€â”€â”€â”€â”€â”€â”€â”€â”€â”€â”€â”€â”€â”€â”€â”€â”€â”€â”€â”€â”€â”€â”€â”¬â”€â”€â”€â”€â”€â”€â”€â”€â”¬â”€â”€â”€â”€â”€â”€â”€â”€â”€â”€â”¬â”€â”€â”€â”€â”€â”€â”€â”€â”€â”€â”€â”€â”€â”€â”€â”€â”€â”€â”€â”€â”€â”€â”€â”€â”€â”€â”€â”€â”€â”€â”€â”€â”€â”€â”€â”€â”€â”€â”€â”€â”€â”€â”€â”€â”€â”€â”€â”€â”€â”€â”€â”€â”€â”€â”€â”€â”€â”€â”€â”€â”€â”€â”€â”€â”€â”€â”€â”€â”€â”€â”€â”€â”€â”€â”€â”€â”€â”€â”€â”€â”€â”€â”¬â”€â”€â”€â”€â”€â”€â”€â”€â”€â”€â”€â”€â”€â”€â”€â”€â”€â”€â”€â”€â”€â”€â”€â”€â”€â”€â”€â”€â”€â”€â”€â”€â”€â”€â”€â”€â”€â”€â”€â”€â”€â”€â”€â”€â”€â”€â”€â”€â”€â”€â”€â”€â”€â”€â”€â”€â”€â”€â”€â”€â”€â”€â”€â”€â”€â”€â”€â”€â”€â”€â”€â”€â”€â”€â”€â”€â”€â”€â”€â”€â”€â”€â”€â”€â”€â”€â”€â”€â”€â”€â”€â”€â”€â”€â”€â”€â”€â”€â”€â”€â”€â”€â”€â”€â”€â”€â”€â”€â”€â”€â”€â”€â”€â”€â”€â”€â”€â”€â”€â”€â”€â”€â”€â”€â”
â”‚ (index) â”‚ Case                                                    â”‚ Status â”‚ Time     â”‚ Stats                                                                            â”‚ Error                                                                                                                      â”‚
â”œâ”€â”€â”€â”€â”€â”€â”€â”€â”€â”¼â”€â”€â”€â”€â”€â”€â”€â”€â”€â”€â”€â”€â”€â”€â”€â”€â”€â”€â”€â”€â”€â”€â”€â”€â”€â”€â”€â”€â”€â”€â”€â”€â”€â”€â”€â”€â”€â”€â”€â”€â”€â”€â”€â”€â”€â”€â”€â”€â”€â”€â”€â”€â”€â”€â”€â”€â”€â”¼â”€â”€â”€â”€â”€â”€â”€â”€â”¼â”€â”€â”€â”€â”€â”€â”€â”€â”€â”€â”¼â”€â”€â”€â”€â”€â”€â”€â”€â”€â”€â”€â”€â”€â”€â”€â”€â”€â”€â”€â”€â”€â”€â”€â”€â”€â”€â”€â”€â”€â”€â”€â”€â”€â”€â”€â”€â”€â”€â”€â”€â”€â”€â”€â”€â”€â”€â”€â”€â”€â”€â”€â”€â”€â”€â”€â”€â”€â”€â”€â”€â”€â”€â”€â”€â”€â”€â”€â”€â”€â”€â”€â”€â”€â”€â”€â”€â”€â”€â”€â”€â”€â”€â”¼â”€â”€â”€â”€â”€â”€â”€â”€â”€â”€â”€â”€â”€â”€â”€â”€â”€â”€â”€â”€â”€â”€â”€â”€â”€â”€â”€â”€â”€â”€â”€â”€â”€â”€â”€â”€â”€â”€â”€â”€â”€â”€â”€â”€â”€â”€â”€â”€â”€â”€â”€â”€â”€â”€â”€â”€â”€â”€â”€â”€â”€â”€â”€â”€â”€â”€â”€â”€â”€â”€â”€â”€â”€â”€â”€â”€â”€â”€â”€â”€â”€â”€â”€â”€â”€â”€â”€â”€â”€â”€â”€â”€â”€â”€â”€â”€â”€â”€â”€â”€â”€â”€â”€â”€â”€â”€â”€â”€â”€â”€â”€â”€â”€â”€â”€â”€â”€â”€â”€â”€â”€â”€â”€â”€â”¤
â”‚ 0       â”‚ 'Race Release (Option A: 500 Manual Clients - No Pool)' â”‚ 'FAIL' â”‚ '6802ms' â”‚ '{"successes":0,"failures":10,"processedCount":0,"finalVersion":1,"workers":10}' â”‚ 'Idempotency Failed: 0 processed events. First Error: Invalid API Key provided: sk_test_*****************************only' â”‚
â”‚ 1       â”‚ 'Saga Fault Injection (Stripe Down)'                    â”‚ 'FAIL' â”‚ '404ms'  â”‚ ''                                                                               â”‚ 'Unexpected error: money_state_lock missing for task 74c1dc1c-30fc-447c-b5fe-b133275ecbfb'                                 â”‚
â”‚ 2       â”‚ 'Ledger Consistency & Integrity'                        â”‚ 'PASS' â”‚ '199ms'  â”‚ '{"checkedTransactions":"ALL"}'                                                  â”‚ ''                                                                                                                         â”‚
â””â”€â”€â”€â”€â”€â”€â”€â”€â”€â”´â”€â”€â”€â”€â”€â”€â”€â”€â”€â”€â”€â”€â”€â”€â”€â”€â”€â”€â”€â”€â”€â”€â”€â”€â”€â”€â”€â”€â”€â”€â”€â”€â”€â”€â”€â”€â”€â”€â”€â”€â”€â”€â”€â”€â”€â”€â”€â”€â”€â”€â”€â”€â”€â”€â”€â”€â”€â”´â”€â”€â”€â”€â”€â”€â”€â”€â”´â”€â”€â”€â”€â”€â”€â”€â”€â”€â”€â”´â”€â”€â”€â”€â”€â”€â”€â”€â”€â”€â”€â”€â”€â”€â”€â”€â”€â”€â”€â”€â”€â”€â”€â”€â”€â”€â”€â”€â”€â”€â”€â”€â”€â”€â”€â”€â”€â”€â”€â”€â”€â”€â”€â”€â”€â”€â”€â”€â”€â”€â”€â”€â”€â”€â”€â”€â”€â”€â”€â”€â”€â”€â”€â”€â”€â”€â”€â”€â”€â”€â”€â”€â”€â”€â”€â”€â”€â”€â”€â”€â”€â”€â”´â”€â”€â”€â”€â”€â”€â”€â”€â”€â”€â”€â”€â”€â”€â”€â”€â”€â”€â”€â”€â”€â”€â”€â”€â”€â”€â”€â”€â”€â”€â”€â”€â”€â”€â”€â”€â”€â”€â”€â”€â”€â”€â”€â”€â”€â”€â”€â”€â”€â”€â”€â”€â”€â”€â”€â”€â”€â”€â”€â”€â”€â”€â”€â”€â”€â”€â”€â”€â”€â”€â”€â”€â”€â”€â”€â”€â”€â”€â”€â”€â”€â”€â”€â”€â”€â”€â”€â”€â”€â”€â”€â”€â”€â”€â”€â”€â”€â”€â”€â”€â”€â”€â”€â”€â”€â”€â”€â”€â”€â”€â”€â”€â”€â”€â”€â”€â”€â”€â”€â”€â”€â”€â”€â”€â”˜

Status: BUSTED. Fix the Engine.
