=========================================
   M4 SURGICAL TEST RUNNER (NEON/SER)    
=========================================
Environment: SERIALIZABLE Enforced.

>> RUNNING: Race Release (Option A: 500 Manual Clients - No Pool)
[13:30:25] [32mINFO[39m: [36m>>> STARTING M4 RACE RELEASE (OPTION A - STRICT) <<<[39m
    module: "service"
DEBUG: handle options keys: [ 'tx', 'disableRetries', 'stripeClient' ]
DEBUG: stripeClient present: true
DEBUG: handle options keys: [ 'tx', 'disableRetries', 'stripeClient' ]
DEBUG: stripeClient present: true
DEBUG: handle options keys: [ 'tx', 'disableRetries', 'stripeClient' ]
DEBUG: stripeClient present: true
DEBUG: handle options keys: [ 'tx', 'disableRetries', 'stripeClient' ]
DEBUG: stripeClient present: true
DEBUG: handle options keys: [ 'tx', 'disableRetries', 'stripeClient' ]
DEBUG: stripeClient present: true
DEBUG: handle options keys: [ 'tx', 'disableRetries', 'stripeClient' ]
DEBUG: stripeClient present: true
DEBUG: handle options keys: [ 'tx', 'disableRetries', 'stripeClient' ]
DEBUG: stripeClient present: true
DEBUG: handle options keys: [ 'tx', 'disableRetries', 'stripeClient' ]
DEBUG: stripeClient present: true
DEBUG: handle options keys: [ 'tx', 'disableRetries', 'stripeClient' ]
DEBUG: stripeClient present: true
DEBUG: handle options keys: [ 'tx', 'disableRetries', 'stripeClient' ]
DEBUG: stripeClient present: true
[13:30:26] [32mINFO[39m: [36mPreparing ledger transaction: PAYOUT_RELEASE[39m
    module: "service"
    txId: "01KC9C2WC99GBQSTFM6A7GXSWZ"
    type: "LedgerPrepare"
[13:30:26] [32mINFO[39m: [36mTransaction PREPARED (Pending)[39m
    module: "service"
    txId: "01KC9C2WC99GBQSTFM6A7GXSWZ"
    type: "LedgerPrepare"
[13:30:26] [32mINFO[39m: [36mTransaction COMMITTED[39m
    module: "service"
    txId: "01KC9C2WC99GBQSTFM6A7GXSWZ"
    type: "LedgerCommit"
[13:30:26] [32mINFO[39m: [36mPreparing ledger transaction: PAYOUT_RELEASE[39m
    module: "service"
    txId: "01KC9C2X0ADE2TAZCRGNM4GFBC"
    type: "LedgerPrepare"
[13:30:26] [32mINFO[39m: [36mTransaction PREPARED (Pending)[39m
    module: "service"
    txId: "01KC9C2X0ADE2TAZCRGNM4GFBC"
    type: "LedgerPrepare"
[13:30:26] [32mINFO[39m: [36mTransaction COMMITTED[39m
    module: "service"
    txId: "01KC9C2X0ADE2TAZCRGNM4GFBC"
    type: "LedgerCommit"
[13:30:27] [32mINFO[39m: [36mPreparing ledger transaction: PAYOUT_RELEASE[39m
    module: "service"
    txId: "01KC9C2XSXXWZC6ER2FJFP766G"
    type: "LedgerPrepare"
[13:30:27] [32mINFO[39m: [36mTransaction PREPARED (Pending)[39m
    module: "service"
    txId: "01KC9C2XSXXWZC6ER2FJFP766G"
    type: "LedgerPrepare"
[13:30:27] [32mINFO[39m: [36mTransaction COMMITTED[39m
    module: "service"
    txId: "01KC9C2XSXXWZC6ER2FJFP766G"
    type: "LedgerCommit"
[13:30:28] [32mINFO[39m: [36mPreparing ledger transaction: PAYOUT_RELEASE[39m
    module: "service"
    txId: "01KC9C2YC9Z0VXRSENF7EKFHXD"
    type: "LedgerPrepare"
[13:30:28] [32mINFO[39m: [36mTransaction PREPARED (Pending)[39m
    module: "service"
    txId: "01KC9C2YC9Z0VXRSENF7EKFHXD"
    type: "LedgerPrepare"
[13:30:28] [32mINFO[39m: [36mTransaction COMMITTED[39m
    module: "service"
    txId: "01KC9C2YC9Z0VXRSENF7EKFHXD"
    type: "LedgerCommit"
[13:30:28] [32mINFO[39m: [36mPreparing ledger transaction: PAYOUT_RELEASE[39m
    module: "service"
    txId: "01KC9C2YZCZN050R996EAH2JTQ"
    type: "LedgerPrepare"
[13:30:28] [32mINFO[39m: [36mTransaction PREPARED (Pending)[39m
    module: "service"
    txId: "01KC9C2YZCZN050R996EAH2JTQ"
    type: "LedgerPrepare"
[13:30:28] [32mINFO[39m: [36mTransaction COMMITTED[39m
    module: "service"
    txId: "01KC9C2YZCZN050R996EAH2JTQ"
    type: "LedgerCommit"
[13:30:29] [32mINFO[39m: [36mPreparing ledger transaction: PAYOUT_RELEASE[39m
    module: "service"
    txId: "01KC9C2ZHB0KMVN58WQ2G4V81Y"
    type: "LedgerPrepare"
[13:30:29] [32mINFO[39m: [36mTransaction PREPARED (Pending)[39m
    module: "service"
    txId: "01KC9C2ZHB0KMVN58WQ2G4V81Y"
    type: "LedgerPrepare"
[13:30:29] [32mINFO[39m: [36mTransaction COMMITTED[39m
    module: "service"
    txId: "01KC9C2ZHB0KMVN58WQ2G4V81Y"
    type: "LedgerCommit"
[13:30:29] [32mINFO[39m: [36mPreparing ledger transaction: PAYOUT_RELEASE[39m
    module: "service"
    txId: "01KC9C303X8J1WAVYX08T9VB46"
    type: "LedgerPrepare"
[13:30:30] [32mINFO[39m: [36mTransaction PREPARED (Pending)[39m
    module: "service"
    txId: "01KC9C303X8J1WAVYX08T9VB46"
    type: "LedgerPrepare"
[13:30:30] [32mINFO[39m: [36mTransaction COMMITTED[39m
    module: "service"
    txId: "01KC9C303X8J1WAVYX08T9VB46"
    type: "LedgerCommit"
[13:30:30] [32mINFO[39m: [36mPreparing ledger transaction: PAYOUT_RELEASE[39m
    module: "service"
    txId: "01KC9C30NGTQHBF76EZJW56DV4"
    type: "LedgerPrepare"
[13:30:30] [32mINFO[39m: [36mTransaction PREPARED (Pending)[39m
    module: "service"
    txId: "01KC9C30NGTQHBF76EZJW56DV4"
    type: "LedgerPrepare"
[13:30:30] [32mINFO[39m: [36mTransaction COMMITTED[39m
    module: "service"
    txId: "01KC9C30NGTQHBF76EZJW56DV4"
    type: "LedgerCommit"
[13:30:31] [32mINFO[39m: [36mPreparing ledger transaction: PAYOUT_RELEASE[39m
    module: "service"
    txId: "01KC9C319P1TP5E40M1NB21MRT"
    type: "LedgerPrepare"
[13:30:31] [32mINFO[39m: [36mTransaction PREPARED (Pending)[39m
    module: "service"
    txId: "01KC9C319P1TP5E40M1NB21MRT"
    type: "LedgerPrepare"
[13:30:31] [32mINFO[39m: [36mTransaction COMMITTED[39m
    module: "service"
    txId: "01KC9C319P1TP5E40M1NB21MRT"
    type: "LedgerCommit"
   [FAIL] 7134ms - Idempotency Failed: 0 processed events. First Error: column "task_id" of relation "money_events_processed" does not exist

>> RUNNING: Saga Fault Injection (Stripe Down)
[13:30:31] [32mINFO[39m: [36mPreparing ledger transaction: PAYOUT_RELEASE[39m
    module: "service"
    txId: "01KC9C3219Y80M2HYYAFSG825H"
    type: "LedgerPrepare"
[13:30:31] [32mINFO[39m: [36mTransaction PREPARED (Pending)[39m
    module: "service"
    txId: "01KC9C3219Y80M2HYYAFSG825H"
    type: "LedgerPrepare"
[13:30:32] [32mINFO[39m: [36mTransaction COMMITTED[39m
    module: "service"
    txId: "01KC9C3219Y80M2HYYAFSG825H"
    type: "LedgerCommit"
[13:30:32] [32mINFO[39m: [36m>>> STARTING M4 SAGA FAULTS (STRIPE DOWN) <<<[39m
    module: "service"
DEBUG: handle options keys: [ 'stripeClient' ]
DEBUG: stripeClient present: true
   [FAIL] 363ms - Unexpected error: money_state_lock missing for task aa0287f6-9fca-4ffa-8443-43f5080c17a8

>> RUNNING: Ledger Consistency & Integrity
   [PASS] 92ms

=========================================
   M4 FINAL REPORT                       
=========================================
â”Œâ”€â”€â”€â”€â”€â”€â”€â”€â”€â”¬â”€â”€â”€â”€â”€â”€â”€â”€â”€â”€â”€â”€â”€â”€â”€â”€â”€â”€â”€â”€â”€â”€â”€â”€â”€â”€â”€â”€â”€â”€â”€â”€â”€â”€â”€â”€â”€â”€â”€â”€â”€â”€â”€â”€â”€â”€â”€â”€â”€â”€â”€â”€â”€â”€â”€â”€â”€â”¬â”€â”€â”€â”€â”€â”€â”€â”€â”¬â”€â”€â”€â”€â”€â”€â”€â”€â”€â”€â”¬â”€â”€â”€â”€â”€â”€â”€â”€â”€â”€â”€â”€â”€â”€â”€â”€â”€â”€â”€â”€â”€â”€â”€â”€â”€â”€â”€â”€â”€â”€â”€â”€â”€â”€â”€â”€â”€â”€â”€â”€â”€â”€â”€â”€â”€â”€â”€â”€â”€â”€â”€â”€â”€â”€â”€â”€â”€â”€â”€â”€â”€â”€â”€â”€â”€â”€â”€â”€â”€â”€â”€â”€â”€â”€â”€â”€â”€â”€â”€â”€â”€â”€â”¬â”€â”€â”€â”€â”€â”€â”€â”€â”€â”€â”€â”€â”€â”€â”€â”€â”€â”€â”€â”€â”€â”€â”€â”€â”€â”€â”€â”€â”€â”€â”€â”€â”€â”€â”€â”€â”€â”€â”€â”€â”€â”€â”€â”€â”€â”€â”€â”€â”€â”€â”€â”€â”€â”€â”€â”€â”€â”€â”€â”€â”€â”€â”€â”€â”€â”€â”€â”€â”€â”€â”€â”€â”€â”€â”€â”€â”€â”€â”€â”€â”€â”€â”€â”€â”€â”€â”€â”€â”€â”€â”€â”€â”€â”€â”€â”€â”€â”€â”€â”€â”€â”€â”€â”€â”€â”€â”€â”€â”€â”€â”€â”€â”€â”€â”€â”€â”€â”€â”€â”€â”€â”€â”€â”€â”€â”
â”‚ (index) â”‚ Case                                                    â”‚ Status â”‚ Time     â”‚ Stats                                                                            â”‚ Error                                                                                                                       â”‚
â”œâ”€â”€â”€â”€â”€â”€â”€â”€â”€â”¼â”€â”€â”€â”€â”€â”€â”€â”€â”€â”€â”€â”€â”€â”€â”€â”€â”€â”€â”€â”€â”€â”€â”€â”€â”€â”€â”€â”€â”€â”€â”€â”€â”€â”€â”€â”€â”€â”€â”€â”€â”€â”€â”€â”€â”€â”€â”€â”€â”€â”€â”€â”€â”€â”€â”€â”€â”€â”¼â”€â”€â”€â”€â”€â”€â”€â”€â”¼â”€â”€â”€â”€â”€â”€â”€â”€â”€â”€â”¼â”€â”€â”€â”€â”€â”€â”€â”€â”€â”€â”€â”€â”€â”€â”€â”€â”€â”€â”€â”€â”€â”€â”€â”€â”€â”€â”€â”€â”€â”€â”€â”€â”€â”€â”€â”€â”€â”€â”€â”€â”€â”€â”€â”€â”€â”€â”€â”€â”€â”€â”€â”€â”€â”€â”€â”€â”€â”€â”€â”€â”€â”€â”€â”€â”€â”€â”€â”€â”€â”€â”€â”€â”€â”€â”€â”€â”€â”€â”€â”€â”€â”€â”¼â”€â”€â”€â”€â”€â”€â”€â”€â”€â”€â”€â”€â”€â”€â”€â”€â”€â”€â”€â”€â”€â”€â”€â”€â”€â”€â”€â”€â”€â”€â”€â”€â”€â”€â”€â”€â”€â”€â”€â”€â”€â”€â”€â”€â”€â”€â”€â”€â”€â”€â”€â”€â”€â”€â”€â”€â”€â”€â”€â”€â”€â”€â”€â”€â”€â”€â”€â”€â”€â”€â”€â”€â”€â”€â”€â”€â”€â”€â”€â”€â”€â”€â”€â”€â”€â”€â”€â”€â”€â”€â”€â”€â”€â”€â”€â”€â”€â”€â”€â”€â”€â”€â”€â”€â”€â”€â”€â”€â”€â”€â”€â”€â”€â”€â”€â”€â”€â”€â”€â”€â”€â”€â”€â”€â”€â”¤
â”‚ 0       â”‚ 'Race Release (Option A: 500 Manual Clients - No Pool)' â”‚ 'FAIL' â”‚ '7134ms' â”‚ '{"successes":0,"failures":10,"processedCount":0,"finalVersion":1,"workers":10}' â”‚ 'Idempotency Failed: 0 processed events. First Error: column "task_id" of relation "money_events_processed" does not exist' â”‚
â”‚ 1       â”‚ 'Saga Fault Injection (Stripe Down)'                    â”‚ 'FAIL' â”‚ '363ms'  â”‚ ''                                                                               â”‚ 'Unexpected error: money_state_lock missing for task aa0287f6-9fca-4ffa-8443-43f5080c17a8'                                  â”‚
â”‚ 2       â”‚ 'Ledger Consistency & Integrity'                        â”‚ 'PASS' â”‚ '92ms'   â”‚ '{"checkedTransactions":"ALL"}'                                                  â”‚ ''                                                                                                                          â”‚
â””â”€â”€â”€â”€â”€â”€â”€â”€â”€â”´â”€â”€â”€â”€â”€â”€â”€â”€â”€â”€â”€â”€â”€â”€â”€â”€â”€â”€â”€â”€â”€â”€â”€â”€â”€â”€â”€â”€â”€â”€â”€â”€â”€â”€â”€â”€â”€â”€â”€â”€â”€â”€â”€â”€â”€â”€â”€â”€â”€â”€â”€â”€â”€â”€â”€â”€â”€â”´â”€â”€â”€â”€â”€â”€â”€â”€â”´â”€â”€â”€â”€â”€â”€â”€â”€â”€â”€â”´â”€â”€â”€â”€â”€â”€â”€â”€â”€â”€â”€â”€â”€â”€â”€â”€â”€â”€â”€â”€â”€â”€â”€â”€â”€â”€â”€â”€â”€â”€â”€â”€â”€â”€â”€â”€â”€â”€â”€â”€â”€â”€â”€â”€â”€â”€â”€â”€â”€â”€â”€â”€â”€â”€â”€â”€â”€â”€â”€â”€â”€â”€â”€â”€â”€â”€â”€â”€â”€â”€â”€â”€â”€â”€â”€â”€â”€â”€â”€â”€â”€â”€â”´â”€â”€â”€â”€â”€â”€â”€â”€â”€â”€â”€â”€â”€â”€â”€â”€â”€â”€â”€â”€â”€â”€â”€â”€â”€â”€â”€â”€â”€â”€â”€â”€â”€â”€â”€â”€â”€â”€â”€â”€â”€â”€â”€â”€â”€â”€â”€â”€â”€â”€â”€â”€â”€â”€â”€â”€â”€â”€â”€â”€â”€â”€â”€â”€â”€â”€â”€â”€â”€â”€â”€â”€â”€â”€â”€â”€â”€â”€â”€â”€â”€â”€â”€â”€â”€â”€â”€â”€â”€â”€â”€â”€â”€â”€â”€â”€â”€â”€â”€â”€â”€â”€â”€â”€â”€â”€â”€â”€â”€â”€â”€â”€â”€â”€â”€â”€â”€â”€â”€â”€â”€â”€â”€â”€â”€â”˜

Status: BUSTED. Fix the Engine.
