=========================================
   M4 VERIFICATION SUITE (TRUTH LAYER)   
=========================================
Environment: Switched to M4 Target (Mock Staging).

>> 1. SUBLEDGER VALIDATION (Zero-Sum)
[ENV] Loading Environment: STAGING
[04:34:12] [32mINFO[39m: [36mRunning Enterprise Environment Loader[39m
    module: "service"
    mode: "staging"
    stripeMode: "test"
    payoutsEnabled: false
    identityStrict: true
[04:34:12] [32mINFO[39m: [36mStarting Task Subledger Validation...[39m
    module: "SubledgerValidator"
[04:34:12] [32mINFO[39m: [36mStarting Task Subledger Validation...[39m
    module: "SubledgerValidator"

>> 2. ORDERING GUARD (Drift Detection)
[04:34:13] [31mERROR[39m: [36mCRITICAL: Account Balance Drift Detected![39m
    module: "SubledgerValidator"
    count: 48
    sample: [
      {
        "id": "a7bfd1a9-4f59-35d7-4873-07a6eb4dbfb5",
        "name": "User Receivable [2795d3f8]",
        "balance": "0",
        "calculated_balance": "-90000"
      },
      {
        "id": "a4cde6d6-b396-0551-ee2a-32275c51af7b",
        "name": "Task Escrow [1ab7b988]",
        "balance": "0",
        "calculated_balance": "-90000"
      },
      {
        "id": "2f4fa9d2-62d5-2ce8-81c7-48a0e6c7b34b",
        "name": "Task Escrow [6c55238f]",
        "balance": "0",
        "calculated_balance": "-90000"
      }
    ]
[04:34:13] [31mERROR[39m: [36mCRITICAL: Account Balance Drift Detected![39m
    module: "SubledgerValidator"
    count: 48
    sample: [
      {
        "id": "a7bfd1a9-4f59-35d7-4873-07a6eb4dbfb5",
        "name": "User Receivable [2795d3f8]",
        "balance": "0",
        "calculated_balance": "-90000"
      },
      {
        "id": "a4cde6d6-b396-0551-ee2a-32275c51af7b",
        "name": "Task Escrow [1ab7b988]",
        "balance": "0",
        "calculated_balance": "-90000"
      },
      {
        "id": "2f4fa9d2-62d5-2ce8-81c7-48a0e6c7b34b",
        "name": "Task Escrow [6c55238f]",
        "balance": "0",
        "calculated_balance": "-90000"
      }
    ]
[04:34:13] [32mINFO[39m: [36mPASS: All Released Tasks have 0 Escrow Balance.[39m
    module: "SubledgerValidator"
[04:34:13] [32mINFO[39m: [36mStarting Ordering Guard Scan...[39m
    module: "OrderingGuard"
[04:34:13] [32mINFO[39m: [36mStarting Ordering Guard Scan...[39m
    module: "OrderingGuard"
[04:34:13] [32mINFO[39m: [36mPASS: No Time Travel detected.[39m
    module: "OrderingGuard"
[04:34:13] [32mINFO[39m: [36mPASS: No Time Travel detected.[39m
    module: "OrderingGuard"
[04:34:13] [32mINFO[39m: [36mPASS: All Released Tasks have 0 Escrow Balance.[39m
    module: "SubledgerValidator"
