=========================================
   M4 VERIFICATION SUITE (TRUTH LAYER)   
=========================================
Environment: Switched to M4 Target (Mock Staging).

>> 1. SUBLEDGER VALIDATION (Zero-Sum)
[ENV] Loading Environment: STAGING
[04:37:58] [32mINFO[39m: [36mRunning Enterprise Environment Loader[39m
    module: "service"
    mode: "staging"
    stripeMode: "test"
    payoutsEnabled: false
    identityStrict: true
[04:37:58] [32mINFO[39m: [36mStarting Task Subledger Validation...[39m
    module: "SubledgerValidator"
[04:37:58] [32mINFO[39m: [36mPASS: All Ledger Account Balances match Entry History.[39m
    module: "SubledgerValidator"

>> 2. ORDERING GUARD (Drift Detection)
[04:37:58] [32mINFO[39m: [36mPASS: All Released Tasks have 0 Escrow Balance.[39m
    module: "SubledgerValidator"
[04:37:58] [32mINFO[39m: [36mStarting Ordering Guard Scan...[39m
    module: "OrderingGuard"
[04:37:58] [32mINFO[39m: [36mStarting Ordering Guard Scan...[39m
    module: "OrderingGuard"
[04:37:58] [32mINFO[39m: [36mPASS: No Time Travel detected.[39m
    module: "OrderingGuard"
[04:37:58] [32mINFO[39m: [36mPASS: No Time Travel detected.[39m
    module: "OrderingGuard"
[04:37:58] [32mINFO[39m: [36mPASS: No duplicate HOLD events.[39m
    module: "OrderingGuard"
