=========================================
   M4 VERIFICATION SUITE (TRUTH LAYER)   
=========================================
Environment: Switched to M4 Target (Mock Staging).

>> 1. SUBLEDGER VALIDATION (Zero-Sum)
[ENV] Loading Environment: STAGING
[04:34:54] [32mINFO[39m: [36mRunning Enterprise Environment Loader[39m
    module: "service"
    mode: "staging"
    stripeMode: "test"
    payoutsEnabled: false
    identityStrict: true
[04:34:54] [32mINFO[39m: [36mStarting Task Subledger Validation...[39m
    module: "SubledgerValidator"
[04:34:54] [32mINFO[39m: [36mStarting Task Subledger Validation...[39m
    module: "SubledgerValidator"
[04:34:55] [31mERROR[39m: [36mCRITICAL: Account Balance Drift Detected![39m
    module: "SubledgerValidator"
    count: 2
    sample: [
      {
        "id": "d13ca73a-3298-8d60-ad4d-9d6ffb4c0629",
        "name": "Task Escrow [5c587b9d]",
        "balance": "0",
        "calculated_balance": "-5000"
      },
      {
        "id": "d2903c38-75de-9ec5-5729-cb9c4cf933d1",
        "name": "User Receivable [8ef34114]",
        "balance": "0",
        "calculated_balance": "-5000"
      }
    ]
[04:34:55] [31mERROR[39m: [36mCRITICAL: Account Balance Drift Detected![39m
    module: "SubledgerValidator"
    count: 2
    sample: [
      {
        "id": "d13ca73a-3298-8d60-ad4d-9d6ffb4c0629",
        "name": "Task Escrow [5c587b9d]",
        "balance": "0",
        "calculated_balance": "-5000"
      },
      {
        "id": "d2903c38-75de-9ec5-5729-cb9c4cf933d1",
        "name": "User Receivable [8ef34114]",
        "balance": "0",
        "calculated_balance": "-5000"
      }
    ]

>> 2. ORDERING GUARD (Drift Detection)
[04:34:55] [31mERROR[39m: [36mCRITICAL: Zombie Escrow Detected[39m
    module: "SubledgerValidator"
    count: 1
    sample: [
      {
        "id": "38d2d7d8-bb8c-dcba-dbe3-99aad6a02004",
        "balance": "-90000",
        "task_id": "80f3bb66-4f1e-4ab2-b527-8c6fd255f798",
        "current_state": "released"
      }
    ]
[04:34:55] [32mINFO[39m: [36mStarting Ordering Guard Scan...[39m
    module: "OrderingGuard"
[04:34:55] [32mINFO[39m: [36mStarting Ordering Guard Scan...[39m
    module: "OrderingGuard"
[04:34:55] [32mINFO[39m: [36mPASS: No Time Travel detected.[39m
    module: "OrderingGuard"
[04:34:55] [32mINFO[39m: [36mPASS: No Time Travel detected.[39m
    module: "OrderingGuard"
[04:34:55] [31mERROR[39m: [36mCRITICAL: Zombie Escrow Detected[39m
    module: "SubledgerValidator"
    count: 1
    sample: [
      {
        "id": "38d2d7d8-bb8c-dcba-dbe3-99aad6a02004",
        "balance": "-90000",
        "task_id": "80f3bb66-4f1e-4ab2-b527-8c6fd255f798",
        "current_state": "released"
      }
    ]
