[ENV] Loading Environment: LOCAL
[05:23:21] [32mINFO[39m: [36mRunning Enterprise Environment Loader[39m
    module: "service"
    mode: "local"
    stripeMode: "test"
    payoutsEnabled: false
    identityStrict: false
[05:23:21] [32mINFO[39m: [36m==================================================[39m
    module: "service"
[05:23:21] [32mINFO[39m: [36m   OMEGA PHASE 7: HYPER-STRESS GAUNTLET           [39m
    module: "service"
[05:23:21] [32mINFO[39m: [36m==================================================[39m
    module: "service"
[05:23:21] [32mINFO[39m: [36m>>> STARTING M5: 5000 WORKERS SIMULATION <<<[39m
    module: "M5-Stress"
[05:23:22] [41mFATAL[49m: [36mOMEGA PHASE 7: FAILED[39m
    module: "service"
    error: {
      "length": 491,
      "name": "error",
      "severity": "ERROR",
      "code": "23502",
      "detail": "Failing row contains (bf0e90b8-71ba-4648-85d3-c569194eb392, 52e03f9e-6e21-4082-ae29-6330eb1bb8b0, M5 Stress, null, general, null, null, null, 50.00, null, null, null, null, null, {}, held, escrow_secured, 217c8d78-c312-42d4-8bcf-fc9c417780af, 2025-12-13 05:23:22.09351+00, 2025-12-13 05:23:22.09351+00).",
      "schema": "public",
      "table": "tasks",
      "column": "recommended_price",
      "file": "execMain.c",
      "line": "2032",
      "routine": "ExecConstraints"
    }
